::1 - - [19/Sep/2018:08:40:37 +0800] "GET / HTTP/1.1" 200 77132
::1 - - [19/Sep/2018:08:40:37 +0800] "GET /index.php?=PHPE9568F34-D428-11d2-A769-00AA001ACF42 HTTP/1.1" 200 2524
::1 - - [19/Sep/2018:08:40:37 +0800] "GET /index.php?=PHPE9568F35-D428-11d2-A769-00AA001ACF42 HTTP/1.1" 200 2146
::1 - - [19/Sep/2018:08:40:37 +0800] "GET /images/header.png HTTP/1.1" 200 7766
::1 - - [19/Sep/2018:08:40:37 +0800] "GET /style.css HTTP/1.1" 200 3041
::1 - - [19/Sep/2018:08:40:37 +0800] "GET /images/background.jpg HTTP/1.1" 200 12386
::1 - - [19/Sep/2018:08:40:38 +0800] "GET /images/menuleft.jpg HTTP/1.1" 200 11236
::1 - - [19/Sep/2018:08:40:38 +0800] "GET /images/content.jpg HTTP/1.1" 200 11916
::1 - - [19/Sep/2018:08:40:38 +0800] "GET /images/menuright.jpg HTTP/1.1" 200 11239
::1 - - [19/Sep/2018:08:40:38 +0800] "GET /images/banner.jpg HTTP/1.1" 200 38149
::1 - - [19/Sep/2018:08:40:38 +0800] "GET /images/topcontent.jpg HTTP/1.1" 200 11578
::1 - - [19/Sep/2018:08:40:38 +0800] "GET /images/menu.jpg HTTP/1.1" 200 11219
::1 - - [19/Sep/2018:08:42:01 +0800] "GET /phpmyadmin HTTP/1.1" 301 236
::1 - - [19/Sep/2018:08:42:01 +0800] "GET /phpmyadmin/themes/pmahomme/jquery/jquery-ui-1.9.2.custom.css HTTP/1.1" 200 32278
::1 - - [19/Sep/2018:08:42:01 +0800] "GET /phpmyadmin/themes/pmahomme/img/logo_right.png HTTP/1.1" 200 4548
::1 - - [19/Sep/2018:08:42:01 +0800] "GET /phpmyadmin/themes/dot.gif HTTP/1.1" 200 43
::1 - - [19/Sep/2018:08:42:01 +0800] "GET /phpmyadmin/ HTTP/1.1" 200 8464
::1 - - [19/Sep/2018:08:42:01 +0800] "GET /phpmyadmin/js/get_scripts.js.php?scripts[]=jquery/jquery-1.8.3.js&scripts[]=ajax.js&scripts[]=keyhandler.js&scripts[]=jquery/jquery-ui-1.9.2.custom.js&scripts[]=jquery/jquery.sprintf.js&scripts[]=jquery/jquery.cookie.js&scripts[]=jquery/jquery.mousewheel.js&scripts[]=jquery/jquery.event.drag-2.2.js&scripts[]=jquery/jquery-ui-timepicker-addon.js&scripts[]=jquery/jquery.ba-hashchange-1.3.js&scripts[]=jquery/jquery.debounce-1.0.5.js&scripts[]=jquery/jquery.menuResizer-1.0.js&scripts[]=rte.js&scripts[]=functions.js&scripts[]=navigation.js&scripts[]=indexes.js&scripts[]=common.js&scripts[]=codemirror/lib/codemirror.js&scripts[]=codemirror/mode/mysql/mysql.js HTTP/1.1" 200 578562
::1 - - [19/Sep/2018:08:42:01 +0800] "GET /phpmyadmin/phpmyadmin.css.php?server=1&lang=en&collation_connection=utf8_general_ci&token=21ee3230d882b22f5576f594a3537cfc&nocache=4125195912ltr HTTP/1.1" 200 88608
::1 - - [19/Sep/2018:08:42:01 +0800] "GET /phpmyadmin/js/messages.php?lang=en&db=&server=0&collation_connection=utf8_general_ci&token=6d74b9d0736fc4f908bda7401f1541f3 HTTP/1.1" 200 16674
::1 - - [19/Sep/2018:08:42:01 +0800] "GET /phpmyadmin/js/get_image.js.php?theme=pmahomme HTTP/1.1" 200 6263
::1 - - [19/Sep/2018:08:42:01 +0800] "GET /phpmyadmin/themes/pmahomme/img/sprites.png HTTP/1.1" 200 61899
::1 - - [19/Sep/2018:08:42:07 +0800] "POST /phpmyadmin/index.php HTTP/1.1" 302 -
::1 - - [19/Sep/2018:08:42:07 +0800] "GET /phpmyadmin/index.php?token=21ee3230d882b22f5576f594a3537cfc HTTP/1.1" 200 43133
::1 - - [19/Sep/2018:08:42:07 +0800] "GET /phpmyadmin/themes/pmahomme/img/logo_left.png HTTP/1.1" 200 2327
::1 - - [19/Sep/2018:08:42:07 +0800] "GET /phpmyadmin/themes/pmahomme/img/ajax_clock_small.gif HTTP/1.1" 200 1810
::1 - - [19/Sep/2018:08:42:07 +0800] "GET /phpmyadmin/phpmyadmin.css.php?server=1&token=21ee3230d882b22f5576f594a3537cfc&nocache=5662513639ltr HTTP/1.1" 200 88608
::1 - - [19/Sep/2018:08:42:07 +0800] "GET /phpmyadmin/js/messages.php?lang=en&db=&server=0&token=21ee3230d882b22f5576f594a3537cfc HTTP/1.1" 200 16674
::1 - - [19/Sep/2018:08:42:08 +0800] "GET /phpmyadmin/themes/pmahomme/img/left_nav_bg.png HTTP/1.1" 200 297
::1 - - [19/Sep/2018:08:42:08 +0800] "GET /phpmyadmin/version_check.php?&_nocache=1537317728642206302 HTTP/1.1" 200 39
::1 - - [19/Sep/2018:08:42:13 +0800] "GET /phpmyadmin/db_structure.php?server=1&db=projectables&token=21ee3230d882b22f5576f594a3537cfc&ajax_request=true&ajax_page_request=true&menuHashes=dfc3caa9&_nocache=1537317733442535243 HTTP/1.1" 200 32354
::1 - - [19/Sep/2018:08:42:13 +0800] "GET /phpmyadmin/js/get_scripts.js.php?scripts[]=db_structure.js&scripts[]=tbl_change.js HTTP/1.1" 200 12382
::1 - - [19/Sep/2018:08:42:13 +0800] "GET /phpmyadmin/themes/pmahomme/img/arrow_ltr.png HTTP/1.1" 200 139
::1 - - [19/Sep/2018:08:42:15 +0800] "GET /phpmyadmin/sql.php?db=projectables&token=21ee3230d882b22f5576f594a3537cfc&goto=db_structure.php&table=deliverables&pos=0&ajax_request=true&ajax_page_request=true&menuHashes=dfc3caa9-cdb35bb2&_nocache=1537317735917605133 HTTP/1.1" 200 35947
::1 - - [19/Sep/2018:08:42:16 +0800] "GET /phpmyadmin/themes/pmahomme/img/s_fulltext.png HTTP/1.1" 200 193
::1 - - [19/Sep/2018:08:42:16 +0800] "GET /phpmyadmin/js/get_scripts.js.php?scripts[]=tbl_structure.js&scripts[]=gis_data_editor.js&scripts[]=makegrid.js&scripts[]=sql.js HTTP/1.1" 200 50287
::1 - - [19/Sep/2018:08:42:16 +0800] "GET /phpmyadmin/index.php?ajax_request=1&recent_table=1&token=21ee3230d882b22f5576f594a3537cfc HTTP/1.1" 200 232
::1 - - [19/Sep/2018:08:42:16 +0800] "GET /phpmyadmin/themes/pmahomme/img/col_pointer.png HTTP/1.1" 200 113
::1 - - [19/Sep/2018:08:42:16 +0800] "GET /phpmyadmin/themes/pmahomme/img/col_drop.png HTTP/1.1" 200 132
::1 - - [19/Sep/2018:08:42:24 +0800] "GET /phpmyadmin/db_structure.php?server=1&db=projectables&token=21ee3230d882b22f5576f594a3537cfc&ajax_request=true&ajax_page_request=true&menuHashes=dfc3caa9-cdb35bb2-7b32f24e&_nocache=1537317744359686227 HTTP/1.1" 200 29202
::1 - - [19/Sep/2018:08:42:25 +0800] "GET /phpmyadmin/db_structure.php?server=1&db=test&token=21ee3230d882b22f5576f594a3537cfc&ajax_request=true&ajax_page_request=true&menuHashes=dfc3caa9-cdb35bb2-7b32f24e&_nocache=1537317745559171791 HTTP/1.1" 200 5456
::1 - - [19/Sep/2018:08:42:26 +0800] "GET /phpmyadmin/db_structure.php?server=1&db=projectables&token=21ee3230d882b22f5576f594a3537cfc&ajax_request=true&ajax_page_request=true&menuHashes=dfc3caa9-cdb35bb2-7b32f24e-9771e434&_nocache=1537317746580646705 HTTP/1.1" 200 29202
::1 - - [19/Sep/2018:08:42:30 +0800] "GET /phpmyadmin/index.php?token=21ee3230d882b22f5576f594a3537cfc&ajax_request=true&ajax_page_request=true&menuHashes=dfc3caa9-cdb35bb2-7b32f24e-9771e434&_nocache=1537317750397584916 HTTP/1.1" 200 35900
::1 - - [19/Sep/2018:08:42:30 +0800] "GET /phpmyadmin/version_check.php?&_nocache=1537317750540576588 HTTP/1.1" 200 39
::1 - - [19/Sep/2018:08:42:32 +0800] "GET /phpmyadmin/server_databases.php?db=&token=21ee3230d882b22f5576f594a3537cfc&ajax_request=true&ajax_page_request=true&menuHashes=dfc3caa9-cdb35bb2-7b32f24e-9771e434&_nocache=1537317752268804632 HTTP/1.1" 200 33865
::1 - - [19/Sep/2018:08:42:32 +0800] "GET /phpmyadmin/js/get_scripts.js.php?scripts[]=server_databases.js HTTP/1.1" 200 1818
::1 - - [19/Sep/2018:08:42:35 +0800] "GET /phpmyadmin/themes/pmahomme/jquery/images/ui-bg_highlight-soft_75_cccccc_1x100.png HTTP/1.1" 200 101
::1 - - [19/Sep/2018:08:42:35 +0800] "GET /phpmyadmin/themes/pmahomme/jquery/images/ui-icons_222222_256x240.png HTTP/1.1" 200 4369
::1 - - [19/Sep/2018:08:42:35 +0800] "GET /phpmyadmin/themes/pmahomme/jquery/images/ui-bg_glass_75_dadada_1x400.png HTTP/1.1" 200 159
::1 - - [19/Sep/2018:08:42:35 +0800] "GET /phpmyadmin/themes/pmahomme/jquery/images/ui-bg_glass_75_e6e6e6_1x400.png HTTP/1.1" 200 110
::1 - - [19/Sep/2018:08:42:35 +0800] "GET /phpmyadmin/themes/pmahomme/jquery/images/ui-bg_flat_75_ffffff_40x100.png HTTP/1.1" 200 178
::1 - - [19/Sep/2018:08:42:35 +0800] "GET /phpmyadmin/themes/pmahomme/jquery/images/ui-bg_flat_0_aaaaaa_40x100.png HTTP/1.1" 200 180
::1 - - [19/Sep/2018:08:42:36 +0800] "GET /phpmyadmin/themes/pmahomme/jquery/images/ui-bg_glass_65_ffffff_1x400.png HTTP/1.1" 200 105
::1 - - [19/Sep/2018:08:42:36 +0800] "POST /phpmyadmin/server_databases.php?pos=0&dbstats=0&sort_by=SCHEMA_NAME&sort_order=asc&drop_selected_dbs=1&token=21ee3230d882b22f5576f594a3537cfc&selected_dbs%5B%5D=projectables&selected_dbs%5B%5D=test&drop_selected_dbs=1&is_js_confirmed=1&ajax_request=true HTTP/1.1" 200 183
::1 - - [19/Sep/2018:08:42:38 +0800] "POST /phpmyadmin/navigation.php?ajax_request=1&token=21ee3230d882b22f5576f594a3537cfc HTTP/1.1" 200 51
::1 - - [19/Sep/2018:08:46:57 +0800] "GET /wordpress HTTP/1.1" 301 235
::1 - - [19/Sep/2018:08:46:57 +0800] "GET /wordpress/ HTTP/1.1" 302 -
::1 - - [19/Sep/2018:08:46:58 +0800] "GET /wordpress/wp-admin/css/install.min.css?ver=4.9.8 HTTP/1.1" 200 5650
::1 - - [19/Sep/2018:08:46:58 +0800] "GET /wordpress/wp-includes/css/buttons.min.css?ver=4.9.8 HTTP/1.1" 200 6144
::1 - - [19/Sep/2018:08:46:57 +0800] "GET /wordpress/wp-admin/setup-config.php HTTP/1.1" 200 11227
::1 - - [19/Sep/2018:08:46:59 +0800] "GET /wordpress/wp-includes/js/jquery/jquery.js?ver=1.12.4 HTTP/1.1" 200 97184
::1 - - [19/Sep/2018:08:46:59 +0800] "GET /wordpress/wp-includes/js/jquery/jquery-migrate.min.js?ver=1.4.1 HTTP/1.1" 200 10056
::1 - - [19/Sep/2018:08:46:59 +0800] "GET /wordpress/wp-admin/js/language-chooser.min.js?ver=4.9.8 HTTP/1.1" 200 374
::1 - - [19/Sep/2018:08:46:59 +0800] "GET /wordpress/wp-admin/images/spinner.gif HTTP/1.1" 200 4162
::1 - - [19/Sep/2018:08:46:59 +0800] "GET /wordpress/wp-admin/images/wordpress-logo.svg?ver=20131107 HTTP/1.1" 200 1521
::1 - - [19/Sep/2018:08:47:00 +0800] "GET /favicon.ico HTTP/1.1" 404 209
::1 - - [19/Sep/2018:08:47:02 +0800] "POST /wordpress/wp-admin/setup-config.php?step=0 HTTP/1.1" 200 2336
::1 - - [19/Sep/2018:08:47:04 +0800] "GET /wordpress/wp-admin/setup-config.php?step=1 HTTP/1.1" 200 2721
::1 - - [19/Sep/2018:08:47:33 +0800] "GET /phpmyadmin HTTP/1.1" 301 236
::1 - - [19/Sep/2018:08:47:33 +0800] "GET /phpmyadmin/ HTTP/1.1" 200 8464
::1 - - [19/Sep/2018:08:47:33 +0800] "GET /phpmyadmin/themes/pmahomme/jquery/jquery-ui-1.9.2.custom.css HTTP/1.1" 200 32278
::1 - - [19/Sep/2018:08:47:33 +0800] "GET /phpmyadmin/themes/pmahomme/img/logo_right.png HTTP/1.1" 200 4548
::1 - - [19/Sep/2018:08:47:33 +0800] "GET /phpmyadmin/js/get_scripts.js.php?scripts[]=jquery/jquery-1.8.3.js&scripts[]=ajax.js&scripts[]=keyhandler.js&scripts[]=jquery/jquery-ui-1.9.2.custom.js&scripts[]=jquery/jquery.sprintf.js&scripts[]=jquery/jquery.cookie.js&scripts[]=jquery/jquery.mousewheel.js&scripts[]=jquery/jquery.event.drag-2.2.js&scripts[]=jquery/jquery-ui-timepicker-addon.js&scripts[]=jquery/jquery.ba-hashchange-1.3.js&scripts[]=jquery/jquery.debounce-1.0.5.js&scripts[]=jquery/jquery.menuResizer-1.0.js&scripts[]=rte.js&scripts[]=functions.js&scripts[]=navigation.js&scripts[]=indexes.js&scripts[]=common.js&scripts[]=codemirror/lib/codemirror.js&scripts[]=codemirror/mode/mysql/mysql.js HTTP/1.1" 200 578562
::1 - - [19/Sep/2018:08:47:33 +0800] "GET /phpmyadmin/themes/dot.gif HTTP/1.1" 200 43
::1 - - [19/Sep/2018:08:47:33 +0800] "GET /phpmyadmin/phpmyadmin.css.php?server=1&lang=en&collation_connection=utf8_general_ci&token=7d765a8103a5500397b1919457e8a73f&nocache=4125195912ltr HTTP/1.1" 200 88608
::1 - - [19/Sep/2018:08:47:33 +0800] "GET /phpmyadmin/js/get_image.js.php?theme=pmahomme HTTP/1.1" 200 6263
::1 - - [19/Sep/2018:08:47:33 +0800] "GET /phpmyadmin/js/messages.php?lang=en&db=&server=0&collation_connection=utf8_general_ci&token=a30bc02c7e6e5dc2eca96e67a8f01c70 HTTP/1.1" 200 16674
::1 - - [19/Sep/2018:08:47:33 +0800] "GET /phpmyadmin/themes/pmahomme/img/sprites.png HTTP/1.1" 200 61899
::1 - - [19/Sep/2018:08:47:33 +0800] "GET /phpmyadmin/favicon.ico HTTP/1.1" 200 18902
::1 - - [19/Sep/2018:08:47:37 +0800] "POST /phpmyadmin/index.php HTTP/1.1" 302 -
::1 - - [19/Sep/2018:08:47:38 +0800] "GET /phpmyadmin/themes/pmahomme/img/ajax_clock_small.gif HTTP/1.1" 200 1810
::1 - - [19/Sep/2018:08:47:38 +0800] "GET /phpmyadmin/themes/pmahomme/img/logo_left.png HTTP/1.1" 200 2327
::1 - - [19/Sep/2018:08:47:38 +0800] "GET /phpmyadmin/index.php?token=7d765a8103a5500397b1919457e8a73f HTTP/1.1" 200 41935
::1 - - [19/Sep/2018:08:47:38 +0800] "GET /phpmyadmin/phpmyadmin.css.php?server=1&token=7d765a8103a5500397b1919457e8a73f&nocache=5662513970ltr HTTP/1.1" 200 88608
::1 - - [19/Sep/2018:08:47:38 +0800] "GET /phpmyadmin/js/messages.php?lang=en&db=&server=0&token=7d765a8103a5500397b1919457e8a73f HTTP/1.1" 200 16674
::1 - - [19/Sep/2018:08:47:38 +0800] "GET /phpmyadmin/themes/pmahomme/img/left_nav_bg.png HTTP/1.1" 200 297
::1 - - [19/Sep/2018:08:47:38 +0800] "GET /phpmyadmin/version_check.php?&_nocache=1537318058516111256 HTTP/1.1" 200 39
::1 - - [19/Sep/2018:08:47:40 +0800] "GET /phpmyadmin/server_databases.php?db=&token=7d765a8103a5500397b1919457e8a73f&ajax_request=true&ajax_page_request=true&menuHashes=dbcd12ba&_nocache=1537318060709734119 HTTP/1.1" 200 30338
::1 - - [19/Sep/2018:08:47:40 +0800] "GET /phpmyadmin/js/get_scripts.js.php?scripts[]=server_databases.js HTTP/1.1" 200 1818
::1 - - [19/Sep/2018:08:47:44 +0800] "POST /phpmyadmin/db_create.php HTTP/1.1" 200 2339
::1 - - [19/Sep/2018:08:47:44 +0800] "POST /phpmyadmin/navigation.php?ajax_request=1&token=7d765a8103a5500397b1919457e8a73f HTTP/1.1" 200 686
::1 - - [19/Sep/2018:08:47:49 +0800] "POST /wordpress/wp-admin/setup-config.php?step=2 HTTP/1.1" 200 1443
::1 - - [19/Sep/2018:08:47:51 +0800] "GET /wordpress/wp-admin/install.php?language=en_US HTTP/1.1" 200 6025
::1 - - [19/Sep/2018:08:47:52 +0800] "GET /wordpress/wp-includes/js/zxcvbn-async.min.js?ver=1.0 HTTP/1.1" 200 324
::1 - - [19/Sep/2018:08:47:52 +0800] "GET /wordpress/wp-includes/css/dashicons.min.css?ver=4.9.8 HTTP/1.1" 200 46360
::1 - - [19/Sep/2018:08:47:52 +0800] "GET /wordpress/wp-includes/js/underscore.min.js?ver=1.8.3 HTTP/1.1" 200 16410
::1 - - [19/Sep/2018:08:47:52 +0800] "GET /wordpress/wp-admin/js/password-strength-meter.min.js?ver=4.9.8 HTTP/1.1" 200 784
::1 - - [19/Sep/2018:08:47:52 +0800] "GET /wordpress/wp-admin/js/user-profile.min.js?ver=4.9.8 HTTP/1.1" 200 6359
::1 - - [19/Sep/2018:08:47:52 +0800] "GET /wordpress/wp-includes/js/wp-util.min.js?ver=4.9.8 HTTP/1.1" 200 1046
::1 - - [19/Sep/2018:08:47:52 +0800] "GET /wordpress/wp-includes/js/zxcvbn.min.js HTTP/1.1" 200 822202
::1 - - [19/Sep/2018:08:50:45 +0800] "POST /wordpress/wp-admin/install.php?step=2 HTTP/1.1" 200 3165
::1 - - [19/Sep/2018:08:51:25 +0800] "GET /wordpress/2018/09/19/hello-world/ HTTP/1.1" 404 231
::1 - - [19/Sep/2018:08:51:25 +0800] "GET /wordpress/index.php/2018/09/19/hello-world/ HTTP/1.1" 301 -
::1 - - [19/Sep/2018:08:51:25 +0800] "GET /wordpress/wp-login.php HTTP/1.1" 200 2290
::1 - - [19/Sep/2018:08:51:27 +0800] "GET /wordpress/wp-admin/load-styles.php?c=0&dir=ltr&load%5B%5D=dashicons,buttons,forms,l10n,login&ver=4.9.8 HTTP/1.1" 200 104364
::1 - - [19/Sep/2018:08:51:34 +0800] "POST /wordpress/wp-login.php HTTP/1.1" 302 -
::1 - - [19/Sep/2018:08:51:39 +0800] "GET /wordpress/wp-includes/js/thickbox/thickbox.css?ver=4.9.8 HTTP/1.1" 200 2658
::1 - - [19/Sep/2018:08:51:39 +0800] "GET /wordpress/wp-admin/load-scripts.php?c=0&load%5B%5D=jquery-core,jquery-migrate,utils&ver=4.9.8 HTTP/1.1" 200 109068
::1 - - [19/Sep/2018:08:51:39 +0800] "GET /wordpress/wp-admin/load-styles.php?c=0&dir=ltr&load%5B%5D=dashicons,admin-bar,common,forms,admin-menu,dashboard,list-tables,edit,revisions,media,themes,about,nav-menus,wp-pointer,widgets&load%5B%5D=,site-icon,l10n,buttons,wp-auth-check&ver=4.9.8 HTTP/1.1" 200 337409
::1 - - [19/Sep/2018:08:51:35 +0800] "GET /wordpress/wp-admin/ HTTP/1.1" 200 58313
::1 - - [19/Sep/2018:08:51:40 +0800] "GET /wordpress/wp-includes/js/wp-emoji-release.min.js?ver=4.9.8 HTTP/1.1" 200 12026
::1 - - [19/Sep/2018:08:51:40 +0800] "GET /wordpress/wp-includes/css/editor.min.css?ver=4.9.8 HTTP/1.1" 200 26214
::1 - - [19/Sep/2018:08:51:40 +0800] "GET /wordpress/wp-admin/load-scripts.php?c=0&load%5B%5D=hoverIntent,common,admin-bar,wp-ajax-response,jquery-color,wp-lists,quicktags,jquery-query,admin-comments,jquery-ui-core,jquery-&load%5B%5D=ui-widget,jquery-ui-mouse,jquery-ui-sortable,postbox,underscore,wp-util,wp-a11y,dashboard,thickbox,plugin-install,updates,shortc&load%5B%5D=ode,media-upload,svg-painter,heartbeat,wp-auth-check,wplink,jquery-ui-position,jquery-ui-menu,jquery-ui-autocomplete&ver=4.9.8 HTTP/1.1" 200 245287
::1 - - [19/Sep/2018:08:51:40 +0800] "GET /wordpress/wp-includes/js/thickbox/loadingAnimation.gif HTTP/1.1" 200 15238
::1 - - [19/Sep/2018:08:51:40 +0800] "GET /wordpress/wp-admin/admin-ajax.php?action=wp-compression-test&test=1&_ajax_nonce=bef66a8e32&1537318300862 HTTP/1.1" 200 1114
::1 - - [19/Sep/2018:08:51:34 +0800] "POST /wordpress/wp-cron.php?doing_wp_cron=1537318286.0762538909912109375000 HTTP/1.1" 200 -
::1 - - [19/Sep/2018:08:51:41 +0800] "GET /wordpress/wp-admin/admin-ajax.php?action=wp-compression-test&test=2&_ajax_nonce=bef66a8e32&1537318301417 HTTP/1.1" 200 572
::1 - - [19/Sep/2018:08:51:41 +0800] "GET /wordpress/wp-admin/admin-ajax.php?action=wp-compression-test&test=yes&_ajax_nonce=bef66a8e32&1537318301792 HTTP/1.1" 200 1
::1 - - [19/Sep/2018:08:51:40 +0800] "POST /wordpress/wp-admin/admin-ajax.php HTTP/1.1" 200 61
::1 - - [19/Sep/2018:08:51:49 +0800] "GET /wordpress/wp-admin/load-scripts.php?c=1&load%5B%5D=jquery-core,jquery-migrate,utils&ver=4.9.8 HTTP/1.1" 200 41526
::1 - - [19/Sep/2018:08:51:49 +0800] "GET /wordpress/wp-admin/load-styles.php?c=1&dir=ltr&load%5B%5D=dashicons,admin-bar,common,forms,admin-menu,dashboard,list-tables,edit,revisions,media,themes,about,nav-menus,wp-pointer,widgets&load%5B%5D=,site-icon,l10n,buttons,wp-auth-check&ver=4.9.8 HTTP/1.1" 200 96157
::1 - - [19/Sep/2018:08:51:48 +0800] "GET /wordpress/wp-admin/edit.php HTTP/1.1" 200 46874
::1 - - [19/Sep/2018:08:51:49 +0800] "GET /wordpress/wp-admin/load-scripts.php?c=1&load%5B%5D=hoverIntent,common,admin-bar,jquery-ui-core,jquery-ui-widget,jquery-ui-position,jquery-ui-menu,wp-a11y,jquery-ui-autocomplete,ta&load%5B%5D=gs-suggest,inline-edit-post,heartbeat,svg-painter,wp-auth-check&ver=4.9.8 HTTP/1.1" 200 27427
::1 - - [19/Sep/2018:08:51:50 +0800] "POST /wordpress/wp-cron.php?doing_wp_cron=1537318310.0184841156005859375000 HTTP/1.1" 200 -
::1 - - [19/Sep/2018:08:51:49 +0800] "POST /wordpress/wp-admin/admin-ajax.php HTTP/1.1" 200 47
::1 - - [19/Sep/2018:08:51:41 +0800] "GET /wordpress/wp-admin/admin-ajax.php?action=dashboard-widgets&widget=dashboard_primary&pagenow=dashboard HTTP/1.1" 200 808
::1 - - [19/Sep/2018:08:51:53 +0800] "GET /wordpress/wp-admin/index.php HTTP/1.1" 200 57880
::1 - - [19/Sep/2018:08:51:53 +0800] "GET /wordpress/wp-admin/load-scripts.php?c=1&load%5B%5D=hoverIntent,common,admin-bar,wp-ajax-response,jquery-color,wp-lists,quicktags,jquery-query,admin-comments,jquery-ui-core,jquery-&load%5B%5D=ui-widget,jquery-ui-mouse,jquery-ui-sortable,postbox,underscore,wp-util,wp-a11y,dashboard,thickbox,plugin-install,updates,shortc&load%5B%5D=ode,media-upload,svg-painter,heartbeat,wp-auth-check,wplink,jquery-ui-position,jquery-ui-menu,jquery-ui-autocomplete&ver=4.9.8 HTTP/1.1" 200 79348
::1 - - [19/Sep/2018:08:51:54 +0800] "POST /wordpress/wp-admin/admin-ajax.php HTTP/1.1" 200 61
::1 - - [19/Sep/2018:08:51:58 +0800] "GET /wordpress/wp-admin/edit.php HTTP/1.1" 200 46874
::1 - - [19/Sep/2018:08:51:59 +0800] "POST /wordpress/wp-admin/admin-ajax.php HTTP/1.1" 200 47
::1 - - [19/Sep/2018:08:51:59 +0800] "GET /wordpress/wp-admin/edit-tags.php?taxonomy=post_tag HTTP/1.1" 200 35189
::1 - - [19/Sep/2018:08:51:59 +0800] "GET /wordpress/wp-admin/load-scripts.php?c=1&load%5B%5D=hoverIntent,common,admin-bar,wp-ajax-response,admin-tags,wp-a11y,inline-edit-tax,svg-painter,heartbeat,wp-auth-check&ver=4.9.8 HTTP/1.1" 200 15085
::1 - - [19/Sep/2018:08:52:00 +0800] "GET /wordpress/wp-admin/edit.php?post_type=page HTTP/1.1" 200 45097
::1 - - [19/Sep/2018:08:52:00 +0800] "POST /wordpress/wp-admin/admin-ajax.php HTTP/1.1" 200 47
::1 - - [19/Sep/2018:08:52:05 +0800] "GET /phpmyadmin/db_structure.php?server=1&db=chrizien&token=7d765a8103a5500397b1919457e8a73f&ajax_request=true&ajax_page_request=true&menuHashes=dbcd12ba-1fa0f8cd&_nocache=1537318325141384216 HTTP/1.1" 200 43526
::1 - - [19/Sep/2018:08:52:05 +0800] "GET /phpmyadmin/js/get_scripts.js.php?scripts[]=db_structure.js&scripts[]=tbl_change.js HTTP/1.1" 200 12382
::1 - - [19/Sep/2018:08:52:05 +0800] "GET /phpmyadmin/themes/pmahomme/img/arrow_ltr.png HTTP/1.1" 200 139
::1 - - [19/Sep/2018:08:52:08 +0800] "GET /phpmyadmin/sql.php?db=chrizien&token=7d765a8103a5500397b1919457e8a73f&goto=db_structure.php&table=wp_commentmeta&pos=0&ajax_request=true&ajax_page_request=true&menuHashes=dbcd12ba-1fa0f8cd-063a82fb&_nocache=1537318328516809176 HTTP/1.1" 200 10489
::1 - - [19/Sep/2018:08:52:08 +0800] "GET /phpmyadmin/js/get_scripts.js.php?scripts[]=tbl_structure.js&scripts[]=gis_data_editor.js HTTP/1.1" 200 15188
::1 - - [19/Sep/2018:08:52:08 +0800] "GET /phpmyadmin/index.php?ajax_request=1&recent_table=1&token=7d765a8103a5500397b1919457e8a73f HTTP/1.1" 200 228
::1 - - [19/Sep/2018:08:52:10 +0800] "GET /phpmyadmin/tbl_structure.php?db=chrizien&table=wp_commentmeta&token=7d765a8103a5500397b1919457e8a73f&ajax_request=true&ajax_page_request=true&menuHashes=dbcd12ba-1fa0f8cd-063a82fb-d23efada&_nocache=1537318330251712147 HTTP/1.1" 200 38299
::1 - - [19/Sep/2018:08:52:10 +0800] "GET /phpmyadmin/index.php?ajax_request=1&recent_table=1&token=7d765a8103a5500397b1919457e8a73f HTTP/1.1" 200 228
::1 - - [19/Sep/2018:08:52:15 +0800] "POST /wordpress/wp-admin/admin-ajax.php HTTP/1.1" 200 47
::1 - - [19/Sep/2018:08:52:19 +0800] "GET /wordpress/wp-admin/edit.php HTTP/1.1" 200 46874
::1 - - [19/Sep/2018:08:52:19 +0800] "POST /wordpress/wp-admin/admin-ajax.php HTTP/1.1" 200 47
::1 - - [19/Sep/2018:08:52:26 +0800] "GET /wordpress/wp-includes/js/mediaelement/wp-mediaelement.min.css?ver=4.9.8 HTTP/1.1" 200 4068
::1 - - [19/Sep/2018:08:52:26 +0800] "GET /wordpress/wp-includes/js/imgareaselect/imgareaselect.css?ver=0.9.8 HTTP/1.1" 200 790
::1 - - [19/Sep/2018:08:52:26 +0800] "GET /wordpress/wp-includes/js/mediaelement/mediaelement-and-player.min.js?ver=4.2.6-78496d1 HTTP/1.1" 200 156559
::1 - - [19/Sep/2018:08:52:26 +0800] "GET /wordpress/wp-includes/js/mediaelement/mediaelementplayer-legacy.min.css?ver=4.2.6-78496d1 HTTP/1.1" 200 11232
::1 - - [19/Sep/2018:08:52:26 +0800] "GET /wordpress/wp-includes/js/mediaelement/mediaelement-migrate.min.js?ver=4.9.8 HTTP/1.1" 200 1193
::1 - - [19/Sep/2018:08:52:26 +0800] "GET /wordpress/wp-admin/load-styles.php?c=1&dir=ltr&load%5B%5D=dashicons,admin-bar,buttons,media-views,common,forms,admin-menu,dashboard,list-tables,edit,revisions,media,themes,about,nav-menu&load%5B%5D=s,wp-pointer,widgets,site-icon,l10n,wp-auth-check&ver=4.9.8 HTTP/1.1" 200 104472
::1 - - [19/Sep/2018:08:52:26 +0800] "GET /wordpress/wp-admin/load-scripts.php?c=1&load%5B%5D=jquery-core,jquery-migrate,utils,moxiejs,plupload&ver=4.9.8 HTTP/1.1" 200 77873
::1 - - [19/Sep/2018:08:52:26 +0800] "GET /wordpress/wp-includes/js/tinymce/wp-tinymce.php?c=1&ver=4800-20180716 HTTP/1.1" 200 208202
::1 - - [19/Sep/2018:08:52:25 +0800] "GET /wordpress/wp-admin/post.php?post=1&action=edit HTTP/1.1" 200 126195
::1 - - [19/Sep/2018:08:52:26 +0800] "GET /wordpress/wp-admin/load-scripts.php?c=1&load%5B%5D=hoverIntent,common,admin-bar,heartbeat,autosave,wp-ajax-response,jquery-color,wp-lists,quicktags,jquery-query,admin-comments,sug&load%5B%5D=gest,jquery-ui-core,jquery-ui-widget,jquery-ui-mouse,jquery-ui-sortable,postbox,jquery-ui-position,jquery-ui-menu,wp-a11y,jquery&load%5B%5D=-ui-autocomplete,tags-suggest,tags-box,underscore,word-count,post,editor-expand,thickbox,shortcode,backbone,wp-util,wp-backbone,&load%5B%5D=media-models,wp-plupload,wp-mediaelement,wp-api-request,media-views,media-editor,media-audiovideo,mce-view,imgareaselect,image-e&load%5B%5D=dit,svg-painter,wp-auth-check,editor,wplink,media-upload,wp-embed&ver=4.9.8 HTTP/1.1" 200 148006
::1 - - [19/Sep/2018:08:52:26 +0800] "GET /wordpress/wp-admin/images/resize.gif HTTP/1.1" 200 70
::1 - - [19/Sep/2018:08:52:26 +0800] "GET /wordpress/wp-includes/js/tinymce/skins/lightgray/skin.min.css?wp-mce-4800-20180716 HTTP/1.1" 200 43950
::1 - - [19/Sep/2018:08:52:26 +0800] "GET /wordpress/wp-includes/js/tinymce/skins/lightgray/content.min.css?wp-mce-4800-20180716 HTTP/1.1" 200 3932
::1 - - [19/Sep/2018:08:52:26 +0800] "GET /wordpress/wp-includes/css/dashicons.min.css?ver=4.9.8&wp-mce-4800-20180716 HTTP/1.1" 200 46360
::1 - - [19/Sep/2018:08:52:26 +0800] "GET /wordpress/wp-includes/js/tinymce/skins/wordpress/wp-content.css?ver=4.9.8&wp-mce-4800-20180716 HTTP/1.1" 200 8787
::1 - - [19/Sep/2018:08:52:26 +0800] "GET /wordpress/wp-content/themes/twentyseventeen/assets/css/editor-style.css?wp-mce-4800-20180716 HTTP/1.1" 200 9101
::1 - - [19/Sep/2018:08:53:05 +0800] "POST /wordpress/wp-admin/post.php HTTP/1.1" 302 -
::1 - - [19/Sep/2018:08:53:07 +0800] "GET /wordpress/wp-admin/post.php?post=1&action=edit&message=1 HTTP/1.1" 200 126628
::1 - - [19/Sep/2018:08:53:09 +0800] "GET /wordpress/wp-admin/admin-ajax.php?action=oembed-cache&post=1 HTTP/1.1" 200 1
::1 - - [19/Sep/2018:08:53:38 +0800] "GET /wordpress/wp-content/themes/twentyseventeen/style.css?ver=4.9.8 HTTP/1.1" 200 83401
::1 - - [19/Sep/2018:08:53:38 +0800] "GET /wordpress/wp-includes/css/admin-bar.min.css?ver=4.9.8 HTTP/1.1" 200 20214
::1 - - [19/Sep/2018:08:53:38 +0800] "GET /wordpress/wp-content/themes/twentyseventeen/assets/images/header.jpg HTTP/1.1" 200 114854
::1 - - [19/Sep/2018:08:53:37 +0800] "POST /wordpress/wp-cron.php?doing_wp_cron=1537318387.5245680809020996093750 HTTP/1.1" 200 -
::1 - - [19/Sep/2018:08:53:37 +0800] "GET /wordpress/?p=1 HTTP/1.1" 200 65403
::1 - - [19/Sep/2018:08:53:38 +0800] "GET /wordpress/wp-includes/js/admin-bar.min.js?ver=4.9.8 HTTP/1.1" 200 7188
::1 - - [19/Sep/2018:08:53:38 +0800] "GET /wordpress/wp-content/themes/twentyseventeen/assets/js/skip-link-focus-fix.js?ver=1.0 HTTP/1.1" 200 683
::1 - - [19/Sep/2018:08:53:38 +0800] "GET /wordpress/wp-content/themes/twentyseventeen/assets/js/global.js?ver=1.0 HTTP/1.1" 200 7682
::1 - - [19/Sep/2018:08:53:38 +0800] "GET /wordpress/wp-content/themes/twentyseventeen/assets/js/jquery.scrollTo.js?ver=2.1.2 HTTP/1.1" 200 5836
::1 - - [19/Sep/2018:08:53:38 +0800] "GET /wordpress/wp-includes/js/comment-reply.min.js?ver=4.9.8 HTTP/1.1" 200 1078
::1 - - [19/Sep/2018:08:53:38 +0800] "GET /wordpress/wp-includes/js/wp-embed.min.js?ver=4.9.8 HTTP/1.1" 200 1398
::1 - - [19/Sep/2018:08:53:38 +0800] "POST /wordpress/wp-admin/admin-ajax.php HTTP/1.1" 200 1
::1 - - [19/Sep/2018:08:53:46 +0800] "GET /wordpress/wp-admin/comment.php?action=editcomment&c=1 HTTP/1.1" 200 35108
::1 - - [19/Sep/2018:08:53:46 +0800] "GET /wordpress/wp-admin/load-scripts.php?c=1&load%5B%5D=hoverIntent,common,admin-bar,jquery-ui-core,jquery-ui-widget,jquery-ui-mouse,jquery-ui-sortable,postbox,comment,svg-painter,hear&load%5B%5D=tbeat,wp-auth-check,quicktags,wp-a11y,wplink,jquery-ui-position,jquery-ui-menu,jquery-ui-autocomplete&ver=4.9.8 HTTP/1.1" 200 41609
::1 - - [19/Sep/2018:08:54:29 +0800] "POST /wordpress/wp-admin/comment.php HTTP/1.1" 302 -
::1 - - [19/Sep/2018:08:54:29 +0800] "GET /wordpress/?p=1 HTTP/1.1" 200 65167
::1 - - [19/Sep/2018:08:54:35 +0800] "GET /wordpress/wp-admin/comment.php?action=editcomment&c=1 HTTP/1.1" 200 34883
::1 - - [19/Sep/2018:08:54:56 +0800] "POST /wordpress/wp-comments-post.php HTTP/1.1" 302 -
::1 - - [19/Sep/2018:08:54:56 +0800] "GET /wordpress/?p=1 HTTP/1.1" 200 66999
::1 - - [19/Sep/2018:08:55:03 +0800] "GET /wordpress/wp-admin/post.php?post=1&action=edit HTTP/1.1" 200 126185
::1 - - [19/Sep/2018:08:55:51 +0800] "POST /wordpress/wp-admin/post.php HTTP/1.1" 302 -
::1 - - [19/Sep/2018:08:55:52 +0800] "GET /wordpress/wp-admin/post.php?post=1&action=edit&message=1 HTTP/1.1" 200 128340
::1 - - [19/Sep/2018:08:55:54 +0800] "GET /wordpress/wp-admin/admin-ajax.php?action=oembed-cache&post=1 HTTP/1.1" 200 1
::1 - - [19/Sep/2018:08:55:54 +0800] "GET /wordpress/wp-admin/upload.php HTTP/1.1" 200 78434
::1 - - [19/Sep/2018:08:55:54 +0800] "POST /wordpress/wp-cron.php?doing_wp_cron=1537318552.3846809864044189453125 HTTP/1.1" 200 -
::1 - - [19/Sep/2018:08:55:55 +0800] "GET /wordpress/wp-admin/load-scripts.php?c=1&load%5B%5D=hoverIntent,common,admin-bar,underscore,shortcode,backbone,wp-util,wp-backbone,media-models,wp-plupload,jquery-ui-core,jquery-ui&load%5B%5D=-widget,jquery-ui-mouse,jquery-ui-sortable,wp-mediaelement,wp-api-request,media-views,media-editor,media-audiovideo,mce-view,img&load%5B%5D=areaselect,image-edit,media-grid,media,svg-painter,heartbeat,wp-auth-check&ver=4.9.8 HTTP/1.1" 200 95863
::1 - - [19/Sep/2018:08:55:55 +0800] "GET /wordpress/wp-includes/images/spinner.gif HTTP/1.1" 200 4162
::1 - - [19/Sep/2018:08:55:55 +0800] "POST /wordpress/wp-admin/admin-ajax.php HTTP/1.1" 200 1
::1 - - [19/Sep/2018:08:55:55 +0800] "POST /wordpress/wp-admin/admin-ajax.php HTTP/1.1" 200 26
::1 - - [19/Sep/2018:08:55:59 +0800] "GET /wordpress/wp-admin/edit.php HTTP/1.1" 200 46975
::1 - - [19/Sep/2018:08:56:00 +0800] "POST /wordpress/wp-admin/admin-ajax.php HTTP/1.1" 200 47
::1 - - [19/Sep/2018:08:56:02 +0800] "GET /wordpress/wp-admin/index.php HTTP/1.1" 200 60073
::1 - - [19/Sep/2018:08:56:02 +0800] "POST /wordpress/wp-admin/admin-ajax.php HTTP/1.1" 200 61
::1 - - [19/Sep/2018:08:56:14 +0800] "GET /wordpress/wp-admin/index.php HTTP/1.1" 200 60073
::1 - - [19/Sep/2018:08:56:14 +0800] "POST /wordpress/wp-admin/admin-ajax.php HTTP/1.1" 200 61
::1 - - [19/Sep/2018:08:56:17 +0800] "GET /wordpress/wp-includes/js/codemirror/codemirror.min.css?ver=5.29.1-alpha-ee20357 HTTP/1.1" 200 15899
::1 - - [19/Sep/2018:08:56:17 +0800] "GET /wordpress/wp-includes/js/mediaelement/wp-mediaelement.min.js?ver=4.9.8 HTTP/1.1" 200 914
::1 - - [19/Sep/2018:08:56:17 +0800] "GET /wordpress/wp-includes/js/api-request.min.js?ver=4.9.8 HTTP/1.1" 200 697
::1 - - [19/Sep/2018:08:56:17 +0800] "GET /wordpress/wp-includes/js/media-views.min.js?ver=4.9.8 HTTP/1.1" 200 100715
::1 - - [19/Sep/2018:08:56:17 +0800] "GET /wordpress/wp-admin/load-styles.php?c=1&dir=ltr&load%5B%5D=editor-buttons&ver=4.9.8 HTTP/1.1" 200 6569
::1 - - [19/Sep/2018:08:56:17 +0800] "GET /wordpress/wp-includes/js/media-editor.min.js?ver=4.9.8 HTTP/1.1" 200 10905
::1 - - [19/Sep/2018:08:56:17 +0800] "GET /wordpress/wp-includes/js/media-audiovideo.min.js?ver=4.9.8 HTTP/1.1" 200 12373
::1 - - [19/Sep/2018:08:56:17 +0800] "GET /wordpress/wp-includes/js/codemirror/codemirror.min.js?ver=5.29.1-alpha-ee20357 HTTP/1.1" 200 585414
::1 - - [19/Sep/2018:08:56:17 +0800] "GET /wordpress/wp-admin/load-styles.php?c=1&dir=ltr&load%5B%5D=dashicons,common,forms,admin-menu,dashboard,list-tables,edit,revisions,media,themes,about,nav-menus,wp-pointer,widgets,site-icon&load%5B%5D=,l10n,buttons,customize-controls,customize-widgets,customize-nav-menus,wp-color-picker,media-views,code-editor&ver=4.9.8 HTTP/1.1" 200 117724
::1 - - [19/Sep/2018:08:56:17 +0800] "GET /wordpress/wp-admin/load-scripts.php?c=1&load%5B%5D=jquery-core,jquery-migrate,underscore,wp-a11y,wp-util,jquery-ui-core,jquery-ui-widget,jquery-ui-mouse,jquery-ui-sortable,jquery-&load%5B%5D=ui-draggable,jquery-ui-droppable,backbone,wp-backbone,wp-ajax-response,jquery-color,wp-lists,postbox,nav-menu,shortcode,utils,me&load%5B%5D=dia-models,moxiejs,plupload,wp-plupload&ver=4.9.8 HTTP/1.1" 200 134158
::1 - - [19/Sep/2018:08:56:17 +0800] "GET /wordpress/wp-admin/customize.php HTTP/1.1" 200 324218
::1 - - [19/Sep/2018:08:56:17 +0800] "GET /wordpress/wp-admin/js/code-editor.min.js?ver=4.9.8 HTTP/1.1" 200 3169
::1 - - [19/Sep/2018:08:56:17 +0800] "GET /wordpress/wp-admin/js/widgets/media-widgets.min.js?ver=4.9.8 HTTP/1.1" 200 14422
::1 - - [19/Sep/2018:08:56:17 +0800] "GET /wordpress/wp-includes/js/codemirror/csslint.js?ver=1.0.5 HTTP/1.1" 200 377627
::1 - - [19/Sep/2018:08:56:17 +0800] "GET /wordpress/wp-admin/js/widgets/media-audio-widget.min.js?ver=4.9.8 HTTP/1.1" 200 1440
::1 - - [19/Sep/2018:08:56:17 +0800] "GET /wordpress/wp-admin/js/widgets/media-image-widget.min.js?ver=4.9.8 HTTP/1.1" 200 2023
::1 - - [19/Sep/2018:08:56:17 +0800] "GET /wordpress/wp-admin/js/widgets/media-video-widget.min.js?ver=4.9.8 HTTP/1.1" 200 2705
::1 - - [19/Sep/2018:08:56:17 +0800] "GET /wordpress/wp-admin/js/widgets/media-gallery-widget.min.js?ver=4.9.8 HTTP/1.1" 200 3779
::1 - - [19/Sep/2018:08:56:17 +0800] "GET /wordpress/wp-admin/js/editor.min.js?ver=4.9.8 HTTP/1.1" 200 13417
::1 - - [19/Sep/2018:08:56:17 +0800] "GET /wordpress/wp-includes/js/codemirror/htmlhint.js?ver=0.9.14-xwp HTTP/1.1" 200 17735
::1 - - [19/Sep/2018:08:56:17 +0800] "GET /wordpress/wp-admin/js/widgets/text-widgets.min.js?ver=4.9.8 HTTP/1.1" 200 5924
::1 - - [19/Sep/2018:08:56:17 +0800] "GET /wordpress/wp-admin/js/widgets/custom-html-widgets.min.js?ver=4.9.8 HTTP/1.1" 200 5578
::1 - - [19/Sep/2018:08:56:17 +0800] "GET /wordpress/wp-content/themes/twentyseventeen/assets/js/customize-controls.js?ver=1.0 HTTP/1.1" 200 1137
::1 - - [19/Sep/2018:08:56:17 +0800] "GET /wordpress/wp-includes/js/codemirror/jshint.js?ver=2.9.5.999 HTTP/1.1" 200 284153
::1 - - [19/Sep/2018:08:56:17 +0800] "GET /wordpress/wp-admin/load-scripts.php?c=1&load%5B%5D=heartbeat,customize-base,customize-controls,customize-widgets,accordion,customize-nav-menus,jquery-ui-slider,jquery-touch-punch,&load%5B%5D=iris,wp-color-picker,imgareaselect,customize-models,customize-views,mce-view,image-edit,updates,quicktags,wplink,jquery-ui-posit&load%5B%5D=ion,jquery-ui-menu,jquery-ui-autocomplete,thickbox,media-upload&ver=4.9.8 HTTP/1.1" 200 114029
::1 - - [19/Sep/2018:08:56:19 +0800] "GET /wordpress/wp-includes/css/customize-preview.min.css?ver=4.9.8 HTTP/1.1" 200 4970
::1 - - [19/Sep/2018:08:56:19 +0800] "GET /wordpress/wp-content/themes/twentyseventeen/assets/css/colors-dark.css?ver=1.0 HTTP/1.1" 200 18187
::1 - - [19/Sep/2018:08:56:19 +0800] "GET /wordpress/?customize_changeset_uuid=106b2d01-6247-4dcd-afa2-7484fc0f555f&customize_theme=twentyseventeen&customize_messenger_channel=preview-0 HTTP/1.1" 200 99378
::1 - - [19/Sep/2018:08:56:19 +0800] "GET /wordpress/wp-includes/js/wp-a11y.min.js?ver=4.9.8 HTTP/1.1" 200 653
::1 - - [19/Sep/2018:08:56:19 +0800] "GET /wordpress/wp-includes/js/customize-base.min.js?ver=4.9.8 HTTP/1.1" 200 7959
::1 - - [19/Sep/2018:08:56:19 +0800] "GET /wordpress/wp-includes/js/customize-preview.min.js?ver=4.9.8 HTTP/1.1" 200 10900
::1 - - [19/Sep/2018:08:56:19 +0800] "GET /wordpress/wp-content/themes/twentyseventeen/assets/js/customize-preview.js?ver=1.0 HTTP/1.1" 200 4480
::1 - - [19/Sep/2018:08:56:19 +0800] "GET /wordpress/wp-includes/js/mediaelement/renderers/vimeo.min.js?ver=4.2.6-78496d1 HTTP/1.1" 200 6170
::1 - - [19/Sep/2018:08:56:19 +0800] "GET /wordpress/wp-includes/js/mediaelement/wp-playlist.min.js?ver=4.9.8 HTTP/1.1" 200 3435
::1 - - [19/Sep/2018:08:56:19 +0800] "GET /wordpress/wp-includes/js/backbone.min.js?ver=1.2.3 HTTP/1.1" 200 23318
::1 - - [19/Sep/2018:08:56:19 +0800] "GET /wordpress/wp-includes/js/customize-selective-refresh.min.js?ver=4.9.8 HTTP/1.1" 200 10812
::1 - - [19/Sep/2018:08:56:19 +0800] "GET /wordpress/wp-includes/js/customize-preview-widgets.min.js?ver=4.9.8 HTTP/1.1" 200 7899
::1 - - [19/Sep/2018:08:56:19 +0800] "GET /wordpress/wp-includes/js/customize-preview-nav-menus.min.js?ver=4.9.8 HTTP/1.1" 200 5050
::1 - - [19/Sep/2018:08:56:19 +0800] "GET /wordpress/wp-includes/js/wp-custom-header.min.js?ver=4.9.8 HTTP/1.1" 200 4462
::1 - - [19/Sep/2018:08:56:30 +0800] "POST /wordpress/wp-admin/admin-ajax.php HTTP/1.1" 404 50
::1 - - [19/Sep/2018:08:56:30 +0800] "GET /wordpress/wp-admin/index.php HTTP/1.1" 200 60073
::1 - - [19/Sep/2018:08:56:31 +0800] "POST /wordpress/wp-admin/admin-ajax.php HTTP/1.1" 200 61
::1 - - [19/Sep/2018:08:56:32 +0800] "GET /wordpress/wp-admin/customize.php HTTP/1.1" 200 324212
::1 - - [19/Sep/2018:08:56:34 +0800] "GET /wordpress/?customize_changeset_uuid=83d06b63-ee35-4c72-ab6f-fa062319c38d&customize_theme=twentyseventeen&customize_messenger_channel=preview-0 HTTP/1.1" 200 99378
::1 - - [19/Sep/2018:08:56:45 +0800] "POST /wordpress/?customize_changeset_uuid=83d06b63-ee35-4c72-ab6f-fa062319c38d&customize_autosaved=on&customize_preview_nonce=82f34211b9 HTTP/1.1" 200 152
::1 - - [19/Sep/2018:08:56:46 +0800] "POST /wordpress/?customize_changeset_uuid=83d06b63-ee35-4c72-ab6f-fa062319c38d&customize_autosaved=on&customize_preview_nonce=82f34211b9 HTTP/1.1" 200 156
::1 - - [19/Sep/2018:08:56:47 +0800] "POST /wordpress/?customize_changeset_uuid=83d06b63-ee35-4c72-ab6f-fa062319c38d&customize_autosaved=on&customize_preview_nonce=82f34211b9 HTTP/1.1" 200 157
::1 - - [19/Sep/2018:08:56:48 +0800] "POST /wordpress/?customize_changeset_uuid=83d06b63-ee35-4c72-ab6f-fa062319c38d&customize_autosaved=on&customize_preview_nonce=82f34211b9 HTTP/1.1" 200 163
::1 - - [19/Sep/2018:08:56:49 +0800] "POST /wordpress/?customize_changeset_uuid=83d06b63-ee35-4c72-ab6f-fa062319c38d&customize_autosaved=on&customize_preview_nonce=82f34211b9 HTTP/1.1" 200 169
::1 - - [19/Sep/2018:08:56:56 +0800] "POST /wordpress/wp-admin/admin-ajax.php HTTP/1.1" 200 120
::1 - - [19/Sep/2018:08:57:34 +0800] "POST /wordpress/wp-admin/admin-ajax.php HTTP/1.1" 200 47
::1 - - [19/Sep/2018:08:57:53 +0800] "GET /wordpress/wp-includes/images/uploader-icons.png HTTP/1.1" 200 1556
::1 - - [19/Sep/2018:08:57:53 +0800] "POST /wordpress/wp-admin/admin-ajax.php HTTP/1.1" 200 26
::1 - - [19/Sep/2018:08:57:53 +0800] "POST /wordpress/wp-admin/async-upload.php HTTP/1.1" 200 1585
::1 - - [19/Sep/2018:08:57:54 +0800] "GET /wordpress/wp-content/uploads/2018/09/Ainsley_Harriott-300x169.jpg HTTP/1.1" 200 12325
::1 - - [19/Sep/2018:08:57:57 +0800] "GET /wordpress/wp-content/uploads/2018/09/Ainsley_Harriott.jpg HTTP/1.1" 200 105826
::1 - - [19/Sep/2018:08:57:57 +0800] "GET /wordpress/wp-includes/js/imgareaselect/border-anim-h.gif HTTP/1.1" 200 178
::1 - - [19/Sep/2018:08:57:57 +0800] "GET /wordpress/wp-includes/js/imgareaselect/border-anim-v.gif HTTP/1.1" 200 178
::1 - - [19/Sep/2018:08:58:02 +0800] "POST /wordpress/wp-admin/admin-ajax.php HTTP/1.1" 200 386
::1 - - [19/Sep/2018:08:58:05 +0800] "GET /wordpress/wp-content/uploads/2018/09/cropped-Ainsley_Harriott.jpg HTTP/1.1" 200 219844
::1 - - [19/Sep/2018:08:58:05 +0800] "POST /wordpress/wp-admin/admin-ajax.php HTTP/1.1" 200 16
::1 - - [19/Sep/2018:08:58:05 +0800] "POST /wordpress/?customize_changeset_uuid=83d06b63-ee35-4c72-ab6f-fa062319c38d&customize_autosaved=on&customize_preview_nonce=82f34211b9 HTTP/1.1" 200 1562
::1 - - [19/Sep/2018:08:58:06 +0800] "GET /wordpress/wp-content/uploads/2018/09/cropped-Ainsley_Harriott.jpg HTTP/1.1" 304 -
::1 - - [19/Sep/2018:08:58:23 +0800] "GET /wordpress/wp-content/uploads/2018/09/cropped-Ainsley_Harriott.jpg HTTP/1.1" 304 -
::1 - - [19/Sep/2018:08:58:23 +0800] "POST /wordpress/?p=1&customize_changeset_uuid=83d06b63-ee35-4c72-ab6f-fa062319c38d&customize_theme=twentyseventeen&customize_messenger_channel=preview-1&customize_autosaved=on HTTP/1.1" 200 105123
::1 - - [19/Sep/2018:08:58:34 +0800] "GET /wordpress/wp-content/uploads/2018/09/cropped-Ainsley_Harriott.jpg HTTP/1.1" 304 -
::1 - - [19/Sep/2018:08:58:33 +0800] "POST /wordpress/?m=201809&customize_changeset_uuid=83d06b63-ee35-4c72-ab6f-fa062319c38d&customize_theme=twentyseventeen&customize_messenger_channel=preview-2&customize_autosaved=on HTTP/1.1" 200 99032
::1 - - [19/Sep/2018:08:58:34 +0800] "POST /wordpress/wp-admin/admin-ajax.php HTTP/1.1" 200 47
::1 - - [19/Sep/2018:08:58:38 +0800] "GET /wordpress/wp-content/uploads/2018/09/cropped-Ainsley_Harriott.jpg HTTP/1.1" 304 -
::1 - - [19/Sep/2018:08:58:37 +0800] "POST /wordpress/?cat=1&customize_changeset_uuid=83d06b63-ee35-4c72-ab6f-fa062319c38d&customize_theme=twentyseventeen&customize_messenger_channel=preview-3&customize_autosaved=on HTTP/1.1" 200 99245
::1 - - [19/Sep/2018:08:58:44 +0800] "POST /wordpress/wp-admin/admin-ajax.php HTTP/1.1" 200 206
::1 - - [19/Sep/2018:08:58:52 +0800] "POST /wordpress/wp-admin/admin-ajax.php HTTP/1.1" 404 50
::1 - - [19/Sep/2018:08:58:52 +0800] "GET /wordpress/wp-admin/index.php HTTP/1.1" 200 60073
::1 - - [19/Sep/2018:08:58:53 +0800] "GET /wordpress/wp-admin/index.php HTTP/1.1" 200 60073
::1 - - [19/Sep/2018:08:58:54 +0800] "POST /wordpress/wp-admin/admin-ajax.php HTTP/1.1" 200 61
::1 - - [19/Sep/2018:08:58:55 +0800] "GET /wordpress/wp-admin/edit.php HTTP/1.1" 200 46975
::1 - - [19/Sep/2018:08:58:56 +0800] "POST /wordpress/wp-admin/admin-ajax.php HTTP/1.1" 200 47
::1 - - [19/Sep/2018:08:59:04 +0800] "GET /wordpress/wp-admin/post-new.php HTTP/1.1" 200 123350
::1 - - [19/Sep/2018:08:59:04 +0800] "GET /wordpress/wp-admin/load-scripts.php?c=1&load%5B%5D=hoverIntent,common,admin-bar,heartbeat,autosave,suggest,wp-ajax-response,jquery-color,wp-lists,jquery-ui-core,jquery-ui-widget,j&load%5B%5D=query-ui-mouse,jquery-ui-sortable,postbox,jquery-ui-position,jquery-ui-menu,wp-a11y,jquery-ui-autocomplete,tags-suggest,tags-box&load%5B%5D=,underscore,word-count,post,editor-expand,thickbox,shortcode,backbone,wp-util,wp-backbone,media-models,wp-plupload,wp-mediaeleme&load%5B%5D=nt,wp-api-request,media-views,media-editor,media-audiovideo,mce-view,imgareaselect,image-edit,svg-painter,wp-auth-check,editor,q&load%5B%5D=uicktags,wplink,media-upload,wp-embed&ver=4.9.8 HTTP/1.1" 200 141054
::1 - - [19/Sep/2018:08:59:48 +0800] "POST /wordpress/wp-cron.php?doing_wp_cron=1537318788.3690760135650634765625 HTTP/1.1" 200 -
::1 - - [19/Sep/2018:08:59:48 +0800] "POST /wordpress/wp-admin/admin-ajax.php HTTP/1.1" 200 118
::1 - - [19/Sep/2018:08:59:48 +0800] "POST /wordpress/wp-admin/admin-ajax.php HTTP/1.1" 200 3236
::1 - - [19/Sep/2018:08:59:49 +0800] "GET /wordpress/wp-content/uploads/2018/09/Ainsley_Harriott-300x169.jpg HTTP/1.1" 304 -
::1 - - [19/Sep/2018:08:59:49 +0800] "POST /wordpress/wp-admin/admin-ajax.php HTTP/1.1" 200 322
::1 - - [19/Sep/2018:08:59:53 +0800] "POST /wordpress/wp-admin/async-upload.php HTTP/1.1" 200 1472
::1 - - [19/Sep/2018:08:59:54 +0800] "GET /wordpress/wp-content/uploads/2018/09/560-252x300.jpg HTTP/1.1" 200 9427
::1 - - [19/Sep/2018:08:59:55 +0800] "POST /wordpress/wp-admin/admin-ajax.php HTTP/1.1" 200 202
::1 - - [19/Sep/2018:08:59:55 +0800] "GET /wordpress/wp-content/uploads/2018/09/560-252x300.jpg HTTP/1.1" 304 -
::1 - - [19/Sep/2018:09:00:30 +0800] "POST /wordpress/wp-admin/post.php HTTP/1.1" 302 -
::1 - - [19/Sep/2018:09:00:31 +0800] "GET /wordpress/wp-admin/post.php?post=10&action=edit&message=6 HTTP/1.1" 200 126751
::1 - - [19/Sep/2018:09:00:33 +0800] "GET /wordpress/wp-content/uploads/2018/09/560-252x300.jpg HTTP/1.1" 304 -
::1 - - [19/Sep/2018:09:00:33 +0800] "GET /wordpress/wp-admin/admin-ajax.php?action=oembed-cache&post=10 HTTP/1.1" 200 1
::1 - - [19/Sep/2018:09:00:34 +0800] "HEAD /wordpress/wp-content/uploads/2018/09/560-252x300.jpg HTTP/1.1" 200 -
::1 - - [19/Sep/2018:09:00:33 +0800] "POST /wordpress/wp-cron.php?doing_wp_cron=1537318831.4375469684600830078125 HTTP/1.1" 200 -
::1 - - [19/Sep/2018:09:00:36 +0800] "GET /wordpress/wp-content/uploads/2018/09/cropped-Ainsley_Harriott.jpg HTTP/1.1" 304 -
::1 - - [19/Sep/2018:09:00:36 +0800] "GET /wordpress/wp-content/uploads/2018/09/560-252x300.jpg HTTP/1.1" 304 -
::1 - - [19/Sep/2018:09:00:36 +0800] "GET /wordpress/ HTTP/1.1" 200 62887
::1 - - [19/Sep/2018:09:00:36 +0800] "POST /wordpress/wp-admin/admin-ajax.php HTTP/1.1" 200 1
::1 - - [19/Sep/2018:09:00:44 +0800] "GET /wordpress/wp-admin/post.php?post=10&action=edit HTTP/1.1" 200 126377
::1 - - [19/Sep/2018:09:00:45 +0800] "GET /wordpress/wp-admin/post.php?post=10&action=edit HTTP/1.1" 200 126370
::1 - - [19/Sep/2018:09:00:46 +0800] "GET /wordpress/wp-content/uploads/2018/09/560-252x300.jpg HTTP/1.1" 304 -
::1 - - [19/Sep/2018:09:00:52 +0800] "POST /wordpress/wp-admin/post.php HTTP/1.1" 302 -
::1 - - [19/Sep/2018:09:00:53 +0800] "GET /wordpress/wp-admin/post.php?post=10&action=edit&message=1 HTTP/1.1" 200 128445
::1 - - [19/Sep/2018:09:00:55 +0800] "GET /wordpress/wp-content/uploads/2018/09/560-252x300.jpg HTTP/1.1" 304 -
::1 - - [19/Sep/2018:09:00:55 +0800] "GET /wordpress/wp-admin/admin-ajax.php?action=oembed-cache&post=10 HTTP/1.1" 200 1
::1 - - [19/Sep/2018:09:00:56 +0800] "HEAD /wordpress/wp-content/uploads/2018/09/560-252x300.jpg HTTP/1.1" 200 -
::1 - - [19/Sep/2018:09:00:55 +0800] "POST /wordpress/wp-cron.php?doing_wp_cron=1537318854.1040489673614501953125 HTTP/1.1" 200 -
::1 - - [19/Sep/2018:09:00:58 +0800] "GET /wordpress/wp-content/uploads/2018/09/cropped-Ainsley_Harriott.jpg HTTP/1.1" 304 -
::1 - - [19/Sep/2018:09:00:57 +0800] "GET /wordpress/ HTTP/1.1" 200 62971
::1 - - [19/Sep/2018:09:00:57 +0800] "POST /wordpress/wp-admin/admin-ajax.php HTTP/1.1" 200 1
::1 - - [19/Sep/2018:09:01:12 +0800] "GET /wordpress/wp-content/uploads/2018/09/560-252x300.jpg HTTP/1.1" 304 -
::1 - - [19/Sep/2018:09:01:12 +0800] "GET /wordpress/?p=10 HTTP/1.1" 200 65144
::1 - - [19/Sep/2018:09:01:20 +0800] "GET /wordpress/wp-admin/post.php?post=10&action=edit HTTP/1.1" 200 128000
::1 - - [19/Sep/2018:09:01:20 +0800] "GET /wordpress/wp-content/uploads/2018/09/560-252x300.jpg HTTP/1.1" 304 -
::1 - - [19/Sep/2018:09:01:37 +0800] "POST /wordpress/wp-admin/admin-ajax.php HTTP/1.1" 200 703
::1 - - [19/Sep/2018:09:01:41 +0800] "POST /wordpress/wp-admin/post.php HTTP/1.1" 302 -
::1 - - [19/Sep/2018:09:01:43 +0800] "GET /wordpress/wp-admin/post.php?post=10&action=edit&message=1 HTTP/1.1" 200 128863
::1 - - [19/Sep/2018:09:01:45 +0800] "GET /wordpress/wp-content/uploads/2018/09/560-252x300.jpg HTTP/1.1" 304 -
::1 - - [19/Sep/2018:09:01:45 +0800] "GET /wordpress/wp-admin/admin-ajax.php?action=oembed-cache&post=10 HTTP/1.1" 200 1
::1 - - [19/Sep/2018:09:01:46 +0800] "HEAD /wordpress/wp-content/uploads/2018/09/560-252x300.jpg HTTP/1.1" 200 -
::1 - - [19/Sep/2018:09:01:45 +0800] "POST /wordpress/wp-cron.php?doing_wp_cron=1537318903.8065381050109863281250 HTTP/1.1" 200 -
::1 - - [19/Sep/2018:09:01:46 +0800] "GET /wordpress/wp-content/uploads/2018/09/cropped-Ainsley_Harriott.jpg HTTP/1.1" 304 -
::1 - - [19/Sep/2018:09:01:45 +0800] "GET /wordpress/ HTTP/1.1" 200 63096
::1 - - [19/Sep/2018:09:01:46 +0800] "POST /wordpress/wp-admin/admin-ajax.php HTTP/1.1" 200 1
::1 - - [19/Sep/2018:09:07:58 +0800] "GET /wordpress/wp-admin/customize.php?url=http%3A%2F%2Flocalhost%2Fwordpress%2F HTTP/1.1" 200 327622
::1 - - [19/Sep/2018:09:08:08 +0800] "GET /wordpress/wp-content/uploads/2018/09/cropped-Ainsley_Harriott.jpg HTTP/1.1" 304 -
::1 - - [19/Sep/2018:09:08:09 +0800] "GET /wordpress/wp-content/uploads/2018/09/560-252x300.jpg HTTP/1.1" 304 -
::1 - - [19/Sep/2018:09:08:08 +0800] "GET /wordpress/?customize_changeset_uuid=56cbd235-a29f-4371-8890-a772b77ddb2c&customize_theme=twentyseventeen&customize_messenger_channel=preview-0 HTTP/1.1" 200 101415
::1 - - [19/Sep/2018:09:08:13 +0800] "POST /wordpress/wp-admin/admin-ajax.php HTTP/1.1" 200 4553
::1 - - [19/Sep/2018:09:08:13 +0800] "GET /wordpress/wp-content/themes/twentyseventeen/screenshot.png HTTP/1.1" 200 363833
::1 - - [19/Sep/2018:09:08:13 +0800] "GET /wordpress/wp-content/themes/twentyfifteen/screenshot.png HTTP/1.1" 200 576231
::1 - - [19/Sep/2018:09:08:13 +0800] "GET /wordpress/wp-content/themes/twentysixteen/screenshot.png HTTP/1.1" 200 463555
::1 - - [19/Sep/2018:09:09:08 +0800] "POST /wordpress/wp-admin/admin-ajax.php HTTP/1.1" 200 47
::1 - - [19/Sep/2018:09:11:01 +0800] "POST /wordpress/wp-admin/admin-ajax.php HTTP/1.1" 200 47
::1 - - [19/Sep/2018:09:11:09 +0800] "POST /wordpress/wp-admin/admin-ajax.php HTTP/1.1" 200 193529
::1 - - [19/Sep/2018:09:11:31 +0800] "GET /wordpress/wp-admin/post.php?post=10&action=edit HTTP/1.1" 200 128358
::1 - - [19/Sep/2018:09:11:34 +0800] "GET /wordpress/wp-content/uploads/2018/09/560-252x300.jpg HTTP/1.1" 304 -
::1 - - [19/Sep/2018:09:11:35 +0800] "GET /wordpress/wp-content/uploads/2018/09/cropped-Ainsley_Harriott.jpg HTTP/1.1" 304 -
::1 - - [19/Sep/2018:09:11:34 +0800] "GET /wordpress/ HTTP/1.1" 200 63096
::1 - - [19/Sep/2018:09:11:35 +0800] "POST /wordpress/wp-admin/admin-ajax.php HTTP/1.1" 200 1
::1 - - [19/Sep/2018:09:11:38 +0800] "GET /wordpress/wp-admin/customize.php?url=http%3A%2F%2Flocalhost%2Fwordpress%2F HTTP/1.1" 200 327622
::1 - - [19/Sep/2018:09:11:39 +0800] "GET /wordpress/?customize_changeset_uuid=21b5e61a-5438-4618-aab0-f5dc2f69e577&customize_theme=twentyseventeen&customize_messenger_channel=preview-0 HTTP/1.1" 200 101415
::1 - - [19/Sep/2018:09:11:41 +0800] "POST /wordpress/wp-admin/admin-ajax.php HTTP/1.1" 200 4553
::1 - - [19/Sep/2018:09:11:56 +0800] "POST /wordpress/wp-admin/admin-ajax.php HTTP/1.1" 200 193529
::1 - - [19/Sep/2018:09:12:11 +0800] "POST /wordpress/wp-admin/admin-ajax.php HTTP/1.1" 200 350
::1 - - [19/Sep/2018:09:12:26 +0800] "GET /wordpress/wp-content/themes/gist//candidthemes/customizer-pro/customize-controls.css?ver=4.9.8 HTTP/1.1" 200 315
::1 - - [19/Sep/2018:09:12:26 +0800] "GET /wordpress/wp-content/themes/gist/candidthemes/assets/js/widget.js?ver=1 HTTP/1.1" 200 1237
::1 - - [19/Sep/2018:09:12:26 +0800] "GET /wordpress/wp-content/themes/gist//candidthemes/customizer-pro/customize-controls.js?ver=4.9.8 HTTP/1.1" 200 314
::1 - - [19/Sep/2018:09:12:26 +0800] "GET /wordpress/wp-includes/js/wp-ajax-response.min.js?ver=4.9.8 HTTP/1.1" 200 2067
::1 - - [19/Sep/2018:09:12:26 +0800] "GET /wordpress/wp-includes/js/wp-lists.min.js?ver=4.9.8 HTTP/1.1" 200 7413
::1 - - [19/Sep/2018:09:12:26 +0800] "GET /wordpress/wp-admin/js/postbox.min.js?ver=4.9.8 HTTP/1.1" 200 4192
::1 - - [19/Sep/2018:09:12:26 +0800] "GET /wordpress/wp-includes/js/jquery/jquery.color.min.js?ver=2.1.1 HTTP/1.1" 200 9295
::1 - - [19/Sep/2018:09:12:26 +0800] "GET /wordpress/wp-admin/js/nav-menu.min.js?ver=4.9.8 HTTP/1.1" 200 21123
::1 - - [19/Sep/2018:09:12:25 +0800] "GET /wordpress/wp-admin/customize.php?url=http%3A%2F%2Flocalhost%2Fwordpress%2F&theme=gist-grid&changeset_uuid=21b5e61a-5438-4618-aab0-f5dc2f69e577&return=http%3A%2F%2Flocalhost%2Fwordpress%2F HTTP/1.1" 200 365950
::1 - - [19/Sep/2018:09:12:26 +0800] "GET /wordpress/wp-admin/load-styles.php?c=1&dir=ltr&load%5B%5D=dashicons,common,forms,admin-menu,dashboard,list-tables,edit,revisions,media,themes,about,nav-menus,wp-pointer,widgets,site-icon&load%5B%5D=,l10n,buttons,customize-controls,customize-widgets,media-views,customize-nav-menus,wp-color-picker,code-editor&ver=4.9.8 HTTP/1.1" 200 117763
::1 - - [19/Sep/2018:09:12:26 +0800] "GET /wordpress/wp-admin/load-scripts.php?c=1&load%5B%5D=heartbeat,customize-widgets,mce-view,imgareaselect,image-edit,accordion,customize-nav-menus,customize-models,customize-views,jqu&load%5B%5D=ery-ui-slider,jquery-touch-punch,iris,wp-color-picker,updates,quicktags,wplink,jquery-ui-position,jquery-ui-menu,jquery-ui-autoc&load%5B%5D=omplete,thickbox,media-upload&ver=4.9.8 HTTP/1.1" 200 80168
::1 - - [19/Sep/2018:09:12:26 +0800] "GET /wordpress/wp-admin/load-scripts.php?c=1&load%5B%5D=jquery-core,jquery-migrate,underscore,customize-base,wp-a11y,wp-util,jquery-ui-core,customize-controls,jquery-ui-widget,jquery-u&load%5B%5D=i-mouse,jquery-ui-sortable,jquery-ui-draggable,jquery-ui-droppable,backbone,wp-backbone,shortcode,utils,media-models,moxiejs,plu&load%5B%5D=pload,wp-plupload&ver=4.9.8 HTTP/1.1" 200 153602
::1 - - [19/Sep/2018:09:12:30 +0800] "GET /wordpress/wp-content/themes/gist/style.css?ver=4.9.8 HTTP/1.1" 200 37986
::1 - - [19/Sep/2018:09:12:30 +0800] "GET /wordpress/wp-content/themes/gist-grid/style.css?ver=4.9.8 HTTP/1.1" 200 1739
::1 - - [19/Sep/2018:09:12:30 +0800] "GET /wordpress/wp-content/themes/gist/candidthemes/assets/framework/Font-Awesome/css/font-awesome.min.css?ver=4.7.0 HTTP/1.1" 200 31004
::1 - - [19/Sep/2018:09:12:30 +0800] "GET /wordpress/wp-content/themes/gist/js/customizer.js?ver=20151215 HTTP/1.1" 200 995
::1 - - [19/Sep/2018:09:12:30 +0800] "GET /wordpress/wp-content/themes/gist/candidthemes/assets/js/gist-custom.js?ver=20151215 HTTP/1.1" 200 1657
::1 - - [19/Sep/2018:09:12:30 +0800] "GET /wordpress/wp-content/themes/gist/js/skip-link-focus-fix.js?ver=20151215 HTTP/1.1" 200 685
::1 - - [19/Sep/2018:09:12:30 +0800] "GET /wordpress/wp-content/themes/gist/candidthemes/assets/js/theia-sticky-sidebar.js?ver=20151215 HTTP/1.1" 200 14955
::1 - - [19/Sep/2018:09:12:30 +0800] "GET /wordpress/wp-content/themes/gist/js/navigation.js?ver=20151215 HTTP/1.1" 200 2967
::1 - - [19/Sep/2018:09:12:30 +0800] "POST /wordpress/?customize_changeset_uuid=21b5e61a-5438-4618-aab0-f5dc2f69e577&customize_theme=gist-grid&customize_messenger_channel=preview-0&customize_autosaved=on HTTP/1.1" 200 39071
::1 - - [19/Sep/2018:09:12:30 +0800] "GET /wordpress/wp-content/themes/gist/candidthemes/assets/framework/Font-Awesome/fonts/fontawesome-webfont.woff2?v=4.7.0 HTTP/1.1" 200 77160
::1 - - [19/Sep/2018:09:12:40 +0800] "POST /wordpress/wp-admin/admin-ajax.php HTTP/1.1" 200 171
::1 - - [19/Sep/2018:09:12:51 +0800] "POST /wordpress/wp-admin/admin-ajax.php HTTP/1.1" 404 50
::1 - - [19/Sep/2018:09:12:52 +0800] "GET /wordpress/wp-content/themes/gist/style.css?ver=4.9.8 HTTP/1.1" 304 -
::1 - - [19/Sep/2018:09:12:52 +0800] "GET /wordpress/wp-content/themes/gist/candidthemes/assets/framework/Font-Awesome/css/font-awesome.min.css?ver=4.7.0 HTTP/1.1" 304 -
::1 - - [19/Sep/2018:09:12:52 +0800] "GET /wordpress/wp-content/themes/gist-grid/style.css?ver=4.9.8 HTTP/1.1" 304 -
::1 - - [19/Sep/2018:09:12:52 +0800] "GET /wordpress/ HTTP/1.1" 200 20452
::1 - - [19/Sep/2018:09:12:52 +0800] "GET /wordpress/wp-content/themes/gist/candidthemes/assets/js/gist-custom.js?ver=20151215 HTTP/1.1" 304 -
::1 - - [19/Sep/2018:09:12:52 +0800] "GET /wordpress/wp-content/themes/gist/candidthemes/assets/js/theia-sticky-sidebar.js?ver=20151215 HTTP/1.1" 304 -
::1 - - [19/Sep/2018:09:12:52 +0800] "GET /wordpress/wp-content/themes/gist/js/navigation.js?ver=20151215 HTTP/1.1" 304 -
::1 - - [19/Sep/2018:09:12:52 +0800] "GET /wordpress/wp-content/themes/gist/js/skip-link-focus-fix.js?ver=20151215 HTTP/1.1" 304 -
::1 - - [19/Sep/2018:09:12:52 +0800] "GET /wordpress/wp-content/themes/gist/candidthemes/assets/framework/Font-Awesome/fonts/fontawesome-webfont.woff2?v=4.7.0 HTTP/1.1" 304 -
::1 - - [19/Sep/2018:09:12:55 +0800] "GET /wordpress/wp-content/themes/gist/candidthemes/assets/js/widget.js?ver=1 HTTP/1.1" 304 -
::1 - - [19/Sep/2018:09:12:55 +0800] "GET /wordpress/wp-admin/load-styles.php?c=1&dir=ltr&load%5B%5D=dashicons,admin-bar,common,forms,admin-menu,dashboard,list-tables,edit,revisions,media,themes,about,nav-menus,wp-pointer,widgets&load%5B%5D=,site-icon,l10n,buttons,wp-auth-check,media-views&ver=4.9.8 HTTP/1.1" 200 104262
::1 - - [19/Sep/2018:09:12:53 +0800] "GET /wordpress/wp-admin/ HTTP/1.1" 200 115287
::1 - - [19/Sep/2018:09:12:55 +0800] "GET /wordpress/wp-admin/load-scripts.php?c=1&load%5B%5D=hoverIntent,common,admin-bar,wp-ajax-response,jquery-color,wp-lists,quicktags,jquery-query,admin-comments,jquery-ui-core,jquery-&load%5B%5D=ui-widget,jquery-ui-mouse,jquery-ui-sortable,postbox,underscore,wp-util,wp-a11y,dashboard,thickbox,plugin-install,updates,shortc&load%5B%5D=ode,media-upload,svg-painter,heartbeat,wp-auth-check,backbone,wp-backbone,media-models,wp-plupload,wp-mediaelement,wp-api-reques&load%5B%5D=t,media-views,media-editor,media-audiovideo,mce-view,imgareaselect,image-edit,wplink,jquery-ui-position,jquery-ui-menu,jquery-ui&load%5B%5D=-autocomplete&ver=4.9.8 HTTP/1.1" 200 138254
::1 - - [19/Sep/2018:09:12:56 +0800] "POST /wordpress/wp-admin/admin-ajax.php HTTP/1.1" 200 61
::1 - - [19/Sep/2018:09:12:58 +0800] "GET /wordpress/wp-content/themes/gist/style.css?ver=4.9.8 HTTP/1.1" 304 -
::1 - - [19/Sep/2018:09:12:58 +0800] "GET /wordpress/wp-content/themes/gist-grid/style.css?ver=4.9.8 HTTP/1.1" 304 -
::1 - - [19/Sep/2018:09:12:58 +0800] "GET /wordpress/wp-content/themes/gist/candidthemes/assets/framework/Font-Awesome/css/font-awesome.min.css?ver=4.7.0 HTTP/1.1" 304 -
::1 - - [19/Sep/2018:09:12:58 +0800] "GET /wordpress/ HTTP/1.1" 200 20452
::1 - - [19/Sep/2018:09:12:58 +0800] "GET /wordpress/wp-content/themes/gist/candidthemes/assets/js/gist-custom.js?ver=20151215 HTTP/1.1" 304 -
::1 - - [19/Sep/2018:09:12:58 +0800] "GET /wordpress/wp-content/themes/gist/js/navigation.js?ver=20151215 HTTP/1.1" 304 -
::1 - - [19/Sep/2018:09:12:58 +0800] "GET /wordpress/wp-content/themes/gist/candidthemes/assets/js/theia-sticky-sidebar.js?ver=20151215 HTTP/1.1" 304 -
::1 - - [19/Sep/2018:09:12:58 +0800] "GET /wordpress/wp-content/themes/gist/js/skip-link-focus-fix.js?ver=20151215 HTTP/1.1" 304 -
::1 - - [19/Sep/2018:09:12:58 +0800] "GET /wordpress/wp-content/themes/gist/candidthemes/assets/framework/Font-Awesome/fonts/fontawesome-webfont.woff2?v=4.7.0 HTTP/1.1" 304 -
::1 - - [19/Sep/2018:09:13:01 +0800] "GET /wordpress/wp-content/themes/gist//candidthemes/customizer-pro/customize-controls.css?ver=4.9.8 HTTP/1.1" 304 -
::1 - - [19/Sep/2018:09:13:01 +0800] "GET /wordpress/wp-content/themes/gist//candidthemes/customizer-pro/customize-controls.js?ver=4.9.8 HTTP/1.1" 304 -
::1 - - [19/Sep/2018:09:13:01 +0800] "GET /wordpress/wp-content/themes/gist/candidthemes/assets/js/widget.js?ver=1 HTTP/1.1" 304 -
::1 - - [19/Sep/2018:09:13:00 +0800] "GET /wordpress/wp-admin/customize.php?url=http%3A%2F%2Flocalhost%2Fwordpress%2F HTTP/1.1" 200 362080
::1 - - [19/Sep/2018:09:13:02 +0800] "GET /wordpress/wp-content/themes/gist/style.css?ver=4.9.8 HTTP/1.1" 304 -
::1 - - [19/Sep/2018:09:13:02 +0800] "GET /wordpress/wp-content/themes/gist-grid/style.css?ver=4.9.8 HTTP/1.1" 304 -
::1 - - [19/Sep/2018:09:13:02 +0800] "GET /wordpress/wp-content/themes/gist/candidthemes/assets/framework/Font-Awesome/css/font-awesome.min.css?ver=4.7.0 HTTP/1.1" 304 -
::1 - - [19/Sep/2018:09:13:02 +0800] "GET /wordpress/wp-content/themes/gist/js/customizer.js?ver=20151215 HTTP/1.1" 304 -
::1 - - [19/Sep/2018:09:13:02 +0800] "GET /wordpress/wp-content/themes/gist/candidthemes/assets/js/gist-custom.js?ver=20151215 HTTP/1.1" 304 -
::1 - - [19/Sep/2018:09:13:02 +0800] "GET /wordpress/wp-content/themes/gist/candidthemes/assets/js/theia-sticky-sidebar.js?ver=20151215 HTTP/1.1" 304 -
::1 - - [19/Sep/2018:09:13:02 +0800] "GET /wordpress/wp-content/themes/gist/js/skip-link-focus-fix.js?ver=20151215 HTTP/1.1" 304 -
::1 - - [19/Sep/2018:09:13:02 +0800] "GET /wordpress/wp-content/themes/gist/js/navigation.js?ver=20151215 HTTP/1.1" 304 -
::1 - - [19/Sep/2018:09:13:02 +0800] "GET /wordpress/?customize_changeset_uuid=9001a65f-d2b7-4235-8729-8a91ee0631ad&customize_theme=gist-grid&customize_messenger_channel=preview-0 HTTP/1.1" 200 38799
::1 - - [19/Sep/2018:09:13:02 +0800] "GET /wordpress/wp-content/themes/gist/candidthemes/assets/framework/Font-Awesome/fonts/fontawesome-webfont.woff2?v=4.7.0 HTTP/1.1" 304 -
::1 - - [19/Sep/2018:09:13:06 +0800] "POST /wordpress/wp-admin/admin-ajax.php HTTP/1.1" 200 7321
::1 - - [19/Sep/2018:09:13:07 +0800] "GET /wordpress/wp-content/themes/gist/screenshot.jpg HTTP/1.1" 200 291803
::1 - - [19/Sep/2018:09:13:07 +0800] "GET /wordpress/wp-content/themes/gist-grid/screenshot.jpg HTTP/1.1" 200 84190
::1 - - [19/Sep/2018:09:13:13 +0800] "GET /wordpress/wp-content/themes/gist//candidthemes/customizer-pro/customize-controls.css?ver=4.9.8 HTTP/1.1" 304 -
::1 - - [19/Sep/2018:09:13:14 +0800] "GET /wordpress/wp-content/themes/gist//candidthemes/customizer-pro/customize-controls.js?ver=4.9.8 HTTP/1.1" 304 -
::1 - - [19/Sep/2018:09:13:14 +0800] "GET /wordpress/wp-content/themes/gist/candidthemes/assets/js/widget.js?ver=1 HTTP/1.1" 304 -
::1 - - [19/Sep/2018:09:13:13 +0800] "GET /wordpress/wp-admin/customize.php?url=http%3A%2F%2Flocalhost%2Fwordpress%2F&theme=gist&changeset_uuid=9001a65f-d2b7-4235-8729-8a91ee0631ad&return=http%3A%2F%2Flocalhost%2Fwordpress%2F HTTP/1.1" 200 365836
::1 - - [19/Sep/2018:09:13:15 +0800] "GET /wordpress/wp-content/themes/gist/style.css?ver=4.9.8 HTTP/1.1" 304 -
::1 - - [19/Sep/2018:09:13:15 +0800] "GET /wordpress/wp-content/themes/gist/candidthemes/assets/framework/Font-Awesome/css/font-awesome.min.css?ver=4.7.0 HTTP/1.1" 304 -
::1 - - [19/Sep/2018:09:13:15 +0800] "GET /wordpress/wp-content/themes/gist/js/customizer.js?ver=20151215 HTTP/1.1" 304 -
::1 - - [19/Sep/2018:09:13:15 +0800] "GET /wordpress/wp-content/themes/gist/candidthemes/assets/js/gist-custom.js?ver=20151215 HTTP/1.1" 304 -
::1 - - [19/Sep/2018:09:13:15 +0800] "GET /wordpress/wp-content/themes/gist/candidthemes/assets/js/theia-sticky-sidebar.js?ver=20151215 HTTP/1.1" 304 -
::1 - - [19/Sep/2018:09:13:15 +0800] "GET /wordpress/wp-content/themes/gist/js/skip-link-focus-fix.js?ver=20151215 HTTP/1.1" 304 -
::1 - - [19/Sep/2018:09:13:15 +0800] "GET /wordpress/wp-content/themes/gist/js/navigation.js?ver=20151215 HTTP/1.1" 304 -
::1 - - [19/Sep/2018:09:13:14 +0800] "POST /wordpress/?customize_changeset_uuid=9001a65f-d2b7-4235-8729-8a91ee0631ad&customize_theme=gist&customize_messenger_channel=preview-0&customize_autosaved=on HTTP/1.1" 200 40557
::1 - - [19/Sep/2018:09:13:15 +0800] "GET /wordpress/wp-content/themes/gist/candidthemes/assets/framework/Font-Awesome/fonts/fontawesome-webfont.woff2?v=4.7.0 HTTP/1.1" 304 -
::1 - - [19/Sep/2018:09:13:16 +0800] "POST /wordpress/wp-admin/admin-ajax.php HTTP/1.1" 200 171
::1 - - [19/Sep/2018:09:13:21 +0800] "POST /wordpress/wp-admin/admin-ajax.php HTTP/1.1" 404 50
::1 - - [19/Sep/2018:09:13:22 +0800] "GET /wordpress/wp-content/themes/gist/candidthemes/assets/framework/Font-Awesome/css/font-awesome.min.css?ver=4.7.0 HTTP/1.1" 304 -
::1 - - [19/Sep/2018:09:13:22 +0800] "GET /wordpress/wp-content/themes/gist/style.css?ver=4.9.8 HTTP/1.1" 304 -
::1 - - [19/Sep/2018:09:13:22 +0800] "GET /wordpress/ HTTP/1.1" 200 21929
::1 - - [19/Sep/2018:09:13:22 +0800] "GET /wordpress/wp-content/themes/gist/candidthemes/assets/js/gist-custom.js?ver=20151215 HTTP/1.1" 304 -
::1 - - [19/Sep/2018:09:13:22 +0800] "GET /wordpress/wp-content/themes/gist/candidthemes/assets/js/theia-sticky-sidebar.js?ver=20151215 HTTP/1.1" 304 -
::1 - - [19/Sep/2018:09:13:22 +0800] "GET /wordpress/wp-content/themes/gist/js/navigation.js?ver=20151215 HTTP/1.1" 304 -
::1 - - [19/Sep/2018:09:13:22 +0800] "GET /wordpress/wp-content/themes/gist/js/skip-link-focus-fix.js?ver=20151215 HTTP/1.1" 304 -
::1 - - [19/Sep/2018:09:13:22 +0800] "GET /wordpress/wp-content/themes/gist/candidthemes/assets/framework/Font-Awesome/fonts/fontawesome-webfont.woff2?v=4.7.0 HTTP/1.1" 304 -
::1 - - [19/Sep/2018:09:13:28 +0800] "GET /wordpress/wp-content/themes/gist/candidthemes/assets/framework/Font-Awesome/css/font-awesome.min.css?ver=4.7.0 HTTP/1.1" 304 -
::1 - - [19/Sep/2018:09:13:28 +0800] "GET /wordpress/wp-content/themes/gist/style.css?ver=4.9.8 HTTP/1.1" 304 -
::1 - - [19/Sep/2018:09:13:28 +0800] "GET /wordpress/wp-content/themes/gist/candidthemes/assets/js/gist-custom.js?ver=20151215 HTTP/1.1" 304 -
::1 - - [19/Sep/2018:09:13:28 +0800] "GET /wordpress/wp-content/themes/gist/candidthemes/assets/js/theia-sticky-sidebar.js?ver=20151215 HTTP/1.1" 304 -
::1 - - [19/Sep/2018:09:13:28 +0800] "GET /wordpress/wp-content/themes/gist/js/navigation.js?ver=20151215 HTTP/1.1" 304 -
::1 - - [19/Sep/2018:09:13:28 +0800] "GET /wordpress/wp-content/themes/gist/js/skip-link-focus-fix.js?ver=20151215 HTTP/1.1" 304 -
::1 - - [19/Sep/2018:09:13:28 +0800] "GET /wordpress/?cat=2 HTTP/1.1" 200 20582
::1 - - [19/Sep/2018:09:13:31 +0800] "GET /wordpress/wp-content/uploads/2018/09/560-252x300.jpg HTTP/1.1" 304 -
::1 - - [19/Sep/2018:09:13:30 +0800] "GET /wordpress/?p=10 HTTP/1.1" 200 23526
::1 - - [19/Sep/2018:09:13:35 +0800] "GET /wordpress/wp-content/themes/gist/candidthemes/assets/js/widget.js?ver=1 HTTP/1.1" 304 -
::1 - - [19/Sep/2018:09:13:35 +0800] "GET /wordpress/wp-admin/ HTTP/1.1" 200 115282
::1 - - [19/Sep/2018:09:13:37 +0800] "GET /wordpress/wp-content/themes/gist/candidthemes/assets/framework/Font-Awesome/css/font-awesome.min.css?ver=4.7.0 HTTP/1.1" 304 -
::1 - - [19/Sep/2018:09:13:37 +0800] "GET /wordpress/wp-content/themes/gist/style.css?ver=4.9.8 HTTP/1.1" 304 -
::1 - - [19/Sep/2018:09:13:36 +0800] "GET /wordpress/ HTTP/1.1" 200 21929
::1 - - [19/Sep/2018:09:13:37 +0800] "GET /wordpress/wp-content/themes/gist/candidthemes/assets/js/gist-custom.js?ver=20151215 HTTP/1.1" 304 -
::1 - - [19/Sep/2018:09:13:37 +0800] "GET /wordpress/wp-content/themes/gist/js/navigation.js?ver=20151215 HTTP/1.1" 304 -
::1 - - [19/Sep/2018:09:13:37 +0800] "GET /wordpress/wp-content/themes/gist/candidthemes/assets/js/theia-sticky-sidebar.js?ver=20151215 HTTP/1.1" 304 -
::1 - - [19/Sep/2018:09:13:37 +0800] "GET /wordpress/wp-content/themes/gist/js/skip-link-focus-fix.js?ver=20151215 HTTP/1.1" 304 -
::1 - - [19/Sep/2018:09:13:37 +0800] "GET /wordpress/wp-content/themes/gist/candidthemes/assets/framework/Font-Awesome/fonts/fontawesome-webfont.woff2?v=4.7.0 HTTP/1.1" 304 -
::1 - - [19/Sep/2018:09:13:35 +0800] "POST /wordpress/wp-admin/admin-ajax.php HTTP/1.1" 200 61
::1 - - [19/Sep/2018:09:13:38 +0800] "GET /wordpress/wp-content/themes/gist//candidthemes/customizer-pro/customize-controls.css?ver=4.9.8 HTTP/1.1" 304 -
::1 - - [19/Sep/2018:09:13:38 +0800] "GET /wordpress/wp-content/themes/gist//candidthemes/customizer-pro/customize-controls.js?ver=4.9.8 HTTP/1.1" 304 -
::1 - - [19/Sep/2018:09:13:37 +0800] "GET /wordpress/wp-admin/customize.php?url=http%3A%2F%2Flocalhost%2Fwordpress%2F HTTP/1.1" 200 362106
::1 - - [19/Sep/2018:09:13:39 +0800] "GET /wordpress/wp-content/themes/gist/js/customizer.js?ver=20151215 HTTP/1.1" 304 -
::1 - - [19/Sep/2018:09:13:39 +0800] "GET /wordpress/?customize_changeset_uuid=d4de0ed3-6b67-4e79-90d7-406bad6e077e&customize_theme=gist&customize_messenger_channel=preview-0 HTTP/1.1" 200 40285
::1 - - [19/Sep/2018:09:13:43 +0800] "POST /wordpress/wp-admin/admin-ajax.php HTTP/1.1" 200 7442
::1 - - [19/Sep/2018:09:13:43 +0800] "GET /wordpress/wp-content/themes/gist-grid/screenshot.jpg HTTP/1.1" 304 -
::1 - - [19/Sep/2018:09:13:43 +0800] "GET /wordpress/wp-content/themes/gist/screenshot.jpg HTTP/1.1" 304 -
::1 - - [19/Sep/2018:09:13:44 +0800] "POST /wordpress/wp-admin/admin-ajax.php HTTP/1.1" 404 50
::1 - - [19/Sep/2018:09:13:45 +0800] "GET /wordpress/wp-content/themes/gist/candidthemes/assets/framework/Font-Awesome/css/font-awesome.min.css?ver=4.7.0 HTTP/1.1" 304 -
::1 - - [19/Sep/2018:09:13:45 +0800] "GET /wordpress/wp-content/themes/gist/style.css?ver=4.9.8 HTTP/1.1" 304 -
::1 - - [19/Sep/2018:09:13:45 +0800] "GET /wordpress/ HTTP/1.1" 200 21929
::1 - - [19/Sep/2018:09:13:45 +0800] "GET /wordpress/wp-content/themes/gist/candidthemes/assets/js/gist-custom.js?ver=20151215 HTTP/1.1" 304 -
::1 - - [19/Sep/2018:09:13:45 +0800] "GET /wordpress/wp-content/themes/gist/js/navigation.js?ver=20151215 HTTP/1.1" 304 -
::1 - - [19/Sep/2018:09:13:45 +0800] "GET /wordpress/wp-content/themes/gist/js/skip-link-focus-fix.js?ver=20151215 HTTP/1.1" 304 -
::1 - - [19/Sep/2018:09:13:45 +0800] "GET /wordpress/wp-content/themes/gist/candidthemes/assets/js/theia-sticky-sidebar.js?ver=20151215 HTTP/1.1" 304 -
::1 - - [19/Sep/2018:09:13:45 +0800] "GET /wordpress/wp-content/themes/gist/candidthemes/assets/framework/Font-Awesome/fonts/fontawesome-webfont.woff2?v=4.7.0 HTTP/1.1" 304 -
::1 - - [19/Sep/2018:09:13:47 +0800] "GET /wordpress/wp-content/themes/gist//candidthemes/customizer-pro/customize-controls.css?ver=4.9.8 HTTP/1.1" 304 -
::1 - - [19/Sep/2018:09:13:47 +0800] "GET /wordpress/wp-content/themes/gist//candidthemes/customizer-pro/customize-controls.js?ver=4.9.8 HTTP/1.1" 304 -
::1 - - [19/Sep/2018:09:13:47 +0800] "GET /wordpress/wp-content/themes/gist/candidthemes/assets/js/widget.js?ver=1 HTTP/1.1" 304 -
::1 - - [19/Sep/2018:09:13:46 +0800] "GET /wordpress/wp-admin/customize.php?url=http%3A%2F%2Flocalhost%2Fwordpress%2F HTTP/1.1" 200 362106
::1 - - [19/Sep/2018:09:13:48 +0800] "GET /wordpress/?customize_changeset_uuid=23cdc4a6-f9dd-439a-b1b1-a5f2d925471b&customize_theme=gist&customize_messenger_channel=preview-0 HTTP/1.1" 200 40285
::1 - - [19/Sep/2018:09:13:48 +0800] "GET /wordpress/wp-content/themes/gist/js/customizer.js?ver=20151215 HTTP/1.1" 304 -
::1 - - [19/Sep/2018:09:13:58 +0800] "POST /wordpress/wp-admin/admin-ajax.php HTTP/1.1" 404 50
::1 - - [19/Sep/2018:09:13:59 +0800] "GET /wordpress/wp-content/themes/gist/style.css?ver=4.9.8 HTTP/1.1" 304 -
::1 - - [19/Sep/2018:09:13:59 +0800] "GET /wordpress/wp-content/themes/gist/candidthemes/assets/framework/Font-Awesome/css/font-awesome.min.css?ver=4.7.0 HTTP/1.1" 304 -
::1 - - [19/Sep/2018:09:13:59 +0800] "GET /wordpress/wp-content/themes/gist/candidthemes/assets/js/gist-custom.js?ver=20151215 HTTP/1.1" 304 -
::1 - - [19/Sep/2018:09:13:59 +0800] "GET /wordpress/wp-content/themes/gist/candidthemes/assets/js/theia-sticky-sidebar.js?ver=20151215 HTTP/1.1" 304 -
::1 - - [19/Sep/2018:09:13:59 +0800] "GET /wordpress/wp-content/themes/gist/js/navigation.js?ver=20151215 HTTP/1.1" 304 -
::1 - - [19/Sep/2018:09:13:59 +0800] "GET /wordpress/wp-content/themes/gist/js/skip-link-focus-fix.js?ver=20151215 HTTP/1.1" 304 -
::1 - - [19/Sep/2018:09:13:58 +0800] "GET /wordpress/ HTTP/1.1" 200 21929
::1 - - [19/Sep/2018:09:14:03 +0800] "GET /wordpress/wp-content/themes/gist/candidthemes/assets/js/widget.js?ver=1 HTTP/1.1" 304 -
::1 - - [19/Sep/2018:09:14:02 +0800] "GET /wordpress/wp-admin/ HTTP/1.1" 200 115282
::1 - - [19/Sep/2018:09:14:04 +0800] "GET /wordpress/ HTTP/1.1" 200 21929
::1 - - [19/Sep/2018:09:14:04 +0800] "GET /wordpress/wp-content/themes/gist/candidthemes/assets/framework/Font-Awesome/fonts/fontawesome-webfont.woff2?v=4.7.0 HTTP/1.1" 304 -
::1 - - [19/Sep/2018:09:14:03 +0800] "POST /wordpress/wp-admin/admin-ajax.php HTTP/1.1" 200 61
::1 - - [19/Sep/2018:09:14:06 +0800] "GET /wordpress/wp-content/themes/gist//candidthemes/customizer-pro/customize-controls.css?ver=4.9.8 HTTP/1.1" 304 -
::1 - - [19/Sep/2018:09:14:06 +0800] "GET /wordpress/wp-content/themes/gist//candidthemes/customizer-pro/customize-controls.js?ver=4.9.8 HTTP/1.1" 304 -
::1 - - [19/Sep/2018:09:14:05 +0800] "GET /wordpress/wp-admin/customize.php?url=http%3A%2F%2Flocalhost%2Fwordpress%2F HTTP/1.1" 200 362106
::1 - - [19/Sep/2018:09:14:07 +0800] "GET /wordpress/wp-content/themes/gist/js/customizer.js?ver=20151215 HTTP/1.1" 304 -
::1 - - [19/Sep/2018:09:14:07 +0800] "GET /wordpress/?customize_changeset_uuid=3c6f3840-e5a8-4c5b-aacd-397b8e1919b8&customize_theme=gist&customize_messenger_channel=preview-0 HTTP/1.1" 200 40285
::1 - - [19/Sep/2018:09:14:07 +0800] "POST /wordpress/wp-admin/admin-ajax.php HTTP/1.1" 200 7442
::1 - - [19/Sep/2018:09:14:08 +0800] "GET /wordpress/wp-content/themes/gist-grid/screenshot.jpg HTTP/1.1" 304 -
::1 - - [19/Sep/2018:09:14:08 +0800] "GET /wordpress/wp-content/themes/gist/screenshot.jpg HTTP/1.1" 304 -
::1 - - [19/Sep/2018:09:14:10 +0800] "GET /wordpress/wp-content/themes/twentyfifteen/js/color-scheme-control.js?ver=20141216 HTTP/1.1" 200 2915
::1 - - [19/Sep/2018:09:14:10 +0800] "GET /wordpress/wp-admin/load-styles.php?c=1&dir=ltr&load%5B%5D=dashicons,common,forms,admin-menu,dashboard,list-tables,edit,revisions,media,themes,about,nav-menus,wp-pointer,widgets,site-icon&load%5B%5D=,l10n,buttons,customize-controls,customize-widgets,customize-nav-menus,media-views,wp-color-picker,code-editor&ver=4.9.8 HTTP/1.1" 200 117767
::1 - - [19/Sep/2018:09:14:10 +0800] "GET /wordpress/wp-admin/load-scripts.php?c=1&load%5B%5D=heartbeat,customize-base,customize-controls,customize-widgets,accordion,customize-nav-menus,imgareaselect,customize-models,custo&load%5B%5D=mize-views,mce-view,image-edit,jquery-ui-slider,jquery-touch-punch,iris,wp-color-picker,updates,quicktags,wplink,jquery-ui-posit&load%5B%5D=ion,jquery-ui-menu,jquery-ui-autocomplete,thickbox,media-upload&ver=4.9.8 HTTP/1.1" 200 114199
::1 - - [19/Sep/2018:09:14:09 +0800] "GET /wordpress/wp-admin/customize.php?url=http%3A%2F%2Flocalhost%2Fwordpress%2F&theme=twentyfifteen&changeset_uuid=3c6f3840-e5a8-4c5b-aacd-397b8e1919b8&return=http%3A%2F%2Flocalhost%2Fwordpress%2F HTTP/1.1" 200 329235
::1 - - [19/Sep/2018:09:14:12 +0800] "GET /wordpress/wp-content/themes/twentyfifteen/genericons/genericons.css?ver=3.2 HTTP/1.1" 200 27519
::1 - - [19/Sep/2018:09:14:12 +0800] "GET /wordpress/wp-content/themes/twentyfifteen/style.css?ver=4.9.8 HTTP/1.1" 200 98459
::1 - - [19/Sep/2018:09:14:12 +0800] "GET /wordpress/wp-content/themes/twentyfifteen/js/skip-link-focus-fix.js?ver=20141010 HTTP/1.1" 200 727
::1 - - [19/Sep/2018:09:14:12 +0800] "GET /wordpress/wp-content/themes/twentyfifteen/js/customize-preview.js?ver=20141216 HTTP/1.1" 200 832
::1 - - [19/Sep/2018:09:14:12 +0800] "GET /wordpress/wp-content/themes/twentyfifteen/js/functions.js?ver=20150330 HTTP/1.1" 200 5920
::1 - - [19/Sep/2018:09:14:11 +0800] "POST /wordpress/?customize_changeset_uuid=3c6f3840-e5a8-4c5b-aacd-397b8e1919b8&customize_theme=twentyfifteen&customize_messenger_channel=preview-0&customize_autosaved=on HTTP/1.1" 200 35416
::1 - - [19/Sep/2018:09:15:05 +0800] "POST /wordpress/wp-admin/admin-ajax.php HTTP/1.1" 200 7442
::1 - - [19/Sep/2018:09:15:05 +0800] "GET /wordpress/wp-content/themes/gist/screenshot.jpg HTTP/1.1" 304 -
::1 - - [19/Sep/2018:09:15:05 +0800] "GET /wordpress/wp-content/themes/gist-grid/screenshot.jpg HTTP/1.1" 304 -
::1 - - [19/Sep/2018:09:15:11 +0800] "POST /wordpress/wp-admin/admin-ajax.php HTTP/1.1" 200 47
::1 - - [19/Sep/2018:09:15:15 +0800] "POST /wordpress/wp-admin/admin-ajax.php HTTP/1.1" 200 130
::1 - - [19/Sep/2018:09:15:16 +0800] "GET /wordpress/wp-admin/customize.php?url=http%3A%2F%2Flocalhost%2Fwordpress%2F&theme=twentyseventeen&return=http%3A%2F%2Flocalhost%2Fwordpress%2F&changeset_uuid=3c6f3840-e5a8-4c5b-aacd-397b8e1919b8&customize_autosaved=on HTTP/1.1" 200 331967
::1 - - [19/Sep/2018:09:15:17 +0800] "GET /wordpress/wp-content/uploads/2018/09/cropped-Ainsley_Harriott.jpg HTTP/1.1" 304 -
::1 - - [19/Sep/2018:09:15:17 +0800] "GET /wordpress/wp-content/uploads/2018/09/560-252x300.jpg HTTP/1.1" 304 -
::1 - - [19/Sep/2018:09:15:17 +0800] "GET /wordpress/?customize_changeset_uuid=3c6f3840-e5a8-4c5b-aacd-397b8e1919b8&customize_theme=twentyseventeen&customize_messenger_channel=preview-0&customize_autosaved=on HTTP/1.1" 200 101687
::1 - - [19/Sep/2018:09:15:21 +0800] "POST /wordpress/wp-admin/admin-ajax.php HTTP/1.1" 200 171
::1 - - [19/Sep/2018:09:15:26 +0800] "POST /wordpress/wp-admin/admin-ajax.php HTTP/1.1" 404 50
::1 - - [19/Sep/2018:09:15:27 +0800] "GET /wordpress/ HTTP/1.1" 200 63096
