2018-09-19 08:40:31 7520 [Note] Plugin 'FEDERATED' is disabled.
2018-09-19 08:40:31 7520 [Note] InnoDB: The InnoDB memory heap is disabled
2018-09-19 08:40:31 7520 [Note] InnoDB: Mutexes and rw_locks use Windows interlocked functions
2018-09-19 08:40:31 7520 [Note] InnoDB: Compressed tables use zlib 1.2.3
2018-09-19 08:40:31 7520 [Note] InnoDB: Not using CPU crc32 instructions
2018-09-19 08:40:31 7520 [Note] InnoDB: Initializing buffer pool, size = 128.0M
2018-09-19 08:40:31 7520 [Note] InnoDB: Completed initialization of buffer pool
2018-09-19 08:40:31 7520 [Note] InnoDB: Highest supported file format is Barracuda.
2018-09-19 08:40:32 7520 [Note] InnoDB: The log sequence numbers 1626134 and 1626134 in ibdata files do not match the log sequence number 2646154 in the ib_logfiles!
2018-09-19 08:40:32 7520 [Note] InnoDB: Database was not shutdown normally!
2018-09-19 08:40:32 7520 [Note] InnoDB: Starting crash recovery.
2018-09-19 08:40:32 7520 [Note] InnoDB: Reading tablespace information from the .ibd files...
2018-09-19 08:40:32 7520 [Note] InnoDB: Restoring possible half-written data pages 
2018-09-19 08:40:32 7520 [Note] InnoDB: from the doublewrite buffer...
2018-09-19 08:40:35 7520 [Note] InnoDB: 128 rollback segment(s) are active.
2018-09-19 08:40:35 7520 [Note] InnoDB: Waiting for purge to start
2018-09-19 08:40:35 7520 [Note] InnoDB: 5.6.13 started; log sequence number 2646154
2018-09-19 08:40:35 7520 [Note] Server hostname (bind-address): '*'; port: 3307
2018-09-19 08:40:35 7520 [Note] IPv6 is available.
2018-09-19 08:40:35 7520 [Note]   - '::' resolves to '::';
2018-09-19 08:40:35 7520 [Note] Server socket created on IP: '::'.
2018-09-26 09:08:14 10364 [Note] Plugin 'FEDERATED' is disabled.
2018-09-26 09:08:14 10364 [Note] InnoDB: The InnoDB memory heap is disabled
2018-09-26 09:08:14 10364 [Note] InnoDB: Mutexes and rw_locks use Windows interlocked functions
2018-09-26 09:08:14 10364 [Note] InnoDB: Compressed tables use zlib 1.2.3
2018-09-26 09:08:14 10364 [Note] InnoDB: Not using CPU crc32 instructions
2018-09-26 09:08:14 10364 [Note] InnoDB: Initializing buffer pool, size = 128.0M
2018-09-26 09:08:14 10364 [Note] InnoDB: Completed initialization of buffer pool
2018-09-26 09:08:14 10364 [Note] InnoDB: Highest supported file format is Barracuda.
2018-09-26 09:08:14 10364 [Note] InnoDB: The log sequence numbers 1626134 and 1626134 in ibdata files do not match the log sequence number 4059975 in the ib_logfiles!
2018-09-26 09:08:14 10364 [Note] InnoDB: Database was not shutdown normally!
2018-09-26 09:08:14 10364 [Note] InnoDB: Starting crash recovery.
2018-09-26 09:08:14 10364 [Note] InnoDB: Reading tablespace information from the .ibd files...
2018-09-26 09:08:14 10364 [Note] InnoDB: Restoring possible half-written data pages 
2018-09-26 09:08:14 10364 [Note] InnoDB: from the doublewrite buffer...
2018-09-26 09:08:15 10364 [Note] InnoDB: 128 rollback segment(s) are active.
2018-09-26 09:08:15 10364 [Note] InnoDB: Waiting for purge to start
2018-09-26 09:08:15 10364 [Note] InnoDB: 5.6.13 started; log sequence number 4059975
2018-09-26 09:08:16 10364 [Note] Server hostname (bind-address): '*'; port: 3307
2018-09-26 09:08:16 10364 [Note] IPv6 is available.
2018-09-26 09:08:16 10364 [Note]   - '::' resolves to '::';
2018-09-26 09:08:16 10364 [Note] Server socket created on IP: '::'.
2018-09-29 08:16:50 3312 [Note] Plugin 'FEDERATED' is disabled.
2018-09-29 08:16:50 3312 [Note] InnoDB: The InnoDB memory heap is disabled
2018-09-29 08:16:50 3312 [Note] InnoDB: Mutexes and rw_locks use Windows interlocked functions
2018-09-29 08:16:50 3312 [Note] InnoDB: Compressed tables use zlib 1.2.3
2018-09-29 08:16:50 3312 [Note] InnoDB: Not using CPU crc32 instructions
2018-09-29 08:16:50 3312 [Note] InnoDB: Initializing buffer pool, size = 128.0M
2018-09-29 08:16:50 3312 [Note] InnoDB: Completed initialization of buffer pool
2018-09-29 08:16:51 3312 [Note] InnoDB: Highest supported file format is Barracuda.
2018-09-29 08:16:51 3312 [Note] InnoDB: The log sequence numbers 1626134 and 1626134 in ibdata files do not match the log sequence number 4524387 in the ib_logfiles!
2018-09-29 08:16:51 3312 [Note] InnoDB: Database was not shutdown normally!
2018-09-29 08:16:51 3312 [Note] InnoDB: Starting crash recovery.
2018-09-29 08:16:51 3312 [Note] InnoDB: Reading tablespace information from the .ibd files...
2018-09-29 08:16:52 3312 [Note] InnoDB: Restoring possible half-written data pages 
2018-09-29 08:16:52 3312 [Note] InnoDB: from the doublewrite buffer...
2018-09-29 08:16:53 3312 [Note] InnoDB: 128 rollback segment(s) are active.
2018-09-29 08:16:53 3312 [Note] InnoDB: Waiting for purge to start
2018-09-29 08:16:54 3312 [Note] InnoDB: 5.6.13 started; log sequence number 4524387
2018-09-29 08:16:54 3312 [Note] Server hostname (bind-address): '*'; port: 3307
2018-09-29 08:16:54 3312 [Note] IPv6 is available.
2018-09-29 08:16:54 3312 [Note]   - '::' resolves to '::';
2018-09-29 08:16:54 3312 [Note] Server socket created on IP: '::'.
2018-09-29 08:19:55 10636 [Note] Plugin 'FEDERATED' is disabled.
2018-09-29 08:19:55 10636 [Note] InnoDB: The InnoDB memory heap is disabled
2018-09-29 08:19:55 10636 [Note] InnoDB: Mutexes and rw_locks use Windows interlocked functions
2018-09-29 08:19:55 10636 [Note] InnoDB: Compressed tables use zlib 1.2.3
2018-09-29 08:19:55 10636 [Note] InnoDB: Not using CPU crc32 instructions
2018-09-29 08:19:55 10636 [Note] InnoDB: Initializing buffer pool, size = 128.0M
2018-09-29 08:19:55 10636 [Note] InnoDB: Completed initialization of buffer pool
2018-09-29 08:19:55 10636 [Note] InnoDB: Highest supported file format is Barracuda.
2018-09-29 08:19:55 10636 [Note] InnoDB: The log sequence numbers 1626134 and 1626134 in ibdata files do not match the log sequence number 4959919 in the ib_logfiles!
2018-09-29 08:19:55 10636 [Note] InnoDB: Database was not shutdown normally!
2018-09-29 08:19:55 10636 [Note] InnoDB: Starting crash recovery.
2018-09-29 08:19:55 10636 [Note] InnoDB: Reading tablespace information from the .ibd files...
2018-09-29 08:19:55 10636 [Note] InnoDB: Restoring possible half-written data pages 
2018-09-29 08:19:55 10636 [Note] InnoDB: from the doublewrite buffer...
2018-09-29 08:19:56 10636 [Note] InnoDB: 128 rollback segment(s) are active.
2018-09-29 08:19:56 10636 [Note] InnoDB: Waiting for purge to start
2018-09-29 08:19:56 10636 [Note] InnoDB: 5.6.13 started; log sequence number 4959919
2018-09-29 08:19:56 10636 [Note] Server hostname (bind-address): '*'; port: 3307
2018-09-29 08:19:56 10636 [Note] IPv6 is available.
2018-09-29 08:19:56 10636 [Note]   - '::' resolves to '::';
2018-09-29 08:19:56 10636 [Note] Server socket created on IP: '::'.
2018-09-29 08:30:23 3164 [Note] Plugin 'FEDERATED' is disabled.
2018-09-29 08:30:23 3164 [Note] InnoDB: The InnoDB memory heap is disabled
2018-09-29 08:30:23 3164 [Note] InnoDB: Mutexes and rw_locks use Windows interlocked functions
2018-09-29 08:30:23 3164 [Note] InnoDB: Compressed tables use zlib 1.2.3
2018-09-29 08:30:23 3164 [Note] InnoDB: Not using CPU crc32 instructions
2018-09-29 08:30:23 3164 [Note] InnoDB: Initializing buffer pool, size = 128.0M
2018-09-29 08:30:23 3164 [Note] InnoDB: Completed initialization of buffer pool
2018-09-29 08:30:23 3164 [Note] InnoDB: Highest supported file format is Barracuda.
2018-09-29 08:30:23 3164 [Note] InnoDB: The log sequence numbers 1626134 and 1626134 in ibdata files do not match the log sequence number 5071311 in the ib_logfiles!
2018-09-29 08:30:23 3164 [Note] InnoDB: Database was not shutdown normally!
2018-09-29 08:30:23 3164 [Note] InnoDB: Starting crash recovery.
2018-09-29 08:30:23 3164 [Note] InnoDB: Reading tablespace information from the .ibd files...
2018-09-29 08:30:23 3164 [Note] InnoDB: Restoring possible half-written data pages 
2018-09-29 08:30:23 3164 [Note] InnoDB: from the doublewrite buffer...
2018-09-29 08:30:23 3164 [Note] InnoDB: 128 rollback segment(s) are active.
2018-09-29 08:30:23 3164 [Note] InnoDB: Waiting for purge to start
2018-09-29 08:30:24 3164 [Note] InnoDB: 5.6.13 started; log sequence number 5071311
2018-09-29 08:30:24 3164 [Note] Server hostname (bind-address): '*'; port: 3307
2018-09-29 08:30:24 3164 [Note] IPv6 is available.
2018-09-29 08:30:24 3164 [Note]   - '::' resolves to '::';
2018-09-29 08:30:24 3164 [Note] Server socket created on IP: '::'.
