2018-03-14 22:40:51 7992 [Note] Plugin 'FEDERATED' is disabled.
2018-03-14 22:40:51 7992 [Note] InnoDB: The InnoDB memory heap is disabled
2018-03-14 22:40:51 7992 [Note] InnoDB: Mutexes and rw_locks use Windows interlocked functions
2018-03-14 22:40:51 7992 [Note] InnoDB: Compressed tables use zlib 1.2.3
2018-03-14 22:40:51 7992 [Note] InnoDB: Not using CPU crc32 instructions
2018-03-14 22:40:51 7992 [Note] InnoDB: Initializing buffer pool, size = 128.0M
2018-03-14 22:40:51 7992 [Note] InnoDB: Completed initialization of buffer pool
2018-03-14 22:40:51 7992 [Note] InnoDB: Highest supported file format is Barracuda.
2018-03-14 22:40:51 7992 [Note] InnoDB: The log sequence numbers 1626134 and 1626134 in ibdata files do not match the log sequence number 2095223 in the ib_logfiles!
2018-03-14 22:40:51 7992 [Note] InnoDB: Database was not shutdown normally!
2018-03-14 22:40:51 7992 [Note] InnoDB: Starting crash recovery.
2018-03-14 22:40:51 7992 [Note] InnoDB: Reading tablespace information from the .ibd files...
2018-03-14 22:40:51 7992 [Note] InnoDB: Restoring possible half-written data pages 
2018-03-14 22:40:51 7992 [Note] InnoDB: from the doublewrite buffer...
2018-03-14 22:40:52 7992 [Note] InnoDB: 128 rollback segment(s) are active.
2018-03-14 22:40:52 7992 [Note] InnoDB: Waiting for purge to start
2018-03-14 22:40:52 7992 [Note] InnoDB: 5.6.13 started; log sequence number 2095223
2018-03-14 22:40:52 7992 [Note] Server hostname (bind-address): '*'; port: 3307
2018-03-14 22:40:52 7992 [Note] IPv6 is available.
2018-03-14 22:40:52 7992 [Note]   - '::' resolves to '::';
2018-03-14 22:40:52 7992 [Note] Server socket created on IP: '::'.
2018-03-15 10:49:16 6768 [Note] Plugin 'FEDERATED' is disabled.
2018-03-15 10:49:16 6768 [Note] InnoDB: The InnoDB memory heap is disabled
2018-03-15 10:49:16 6768 [Note] InnoDB: Mutexes and rw_locks use Windows interlocked functions
2018-03-15 10:49:16 6768 [Note] InnoDB: Compressed tables use zlib 1.2.3
2018-03-15 10:49:16 6768 [Note] InnoDB: Not using CPU crc32 instructions
2018-03-15 10:49:16 6768 [Note] InnoDB: Initializing buffer pool, size = 128.0M
2018-03-15 10:49:16 6768 [Note] InnoDB: Completed initialization of buffer pool
2018-03-15 10:49:16 6768 [Note] InnoDB: Highest supported file format is Barracuda.
2018-03-15 10:49:16 6768 [Note] InnoDB: The log sequence numbers 1626134 and 1626134 in ibdata files do not match the log sequence number 2344702 in the ib_logfiles!
2018-03-15 10:49:16 6768 [Note] InnoDB: Database was not shutdown normally!
2018-03-15 10:49:16 6768 [Note] InnoDB: Starting crash recovery.
2018-03-15 10:49:16 6768 [Note] InnoDB: Reading tablespace information from the .ibd files...
2018-03-15 10:49:16 6768 [Note] InnoDB: Restoring possible half-written data pages 
2018-03-15 10:49:16 6768 [Note] InnoDB: from the doublewrite buffer...
2018-03-15 10:49:16 6768 [Note] InnoDB: 128 rollback segment(s) are active.
2018-03-15 10:49:16 6768 [Note] InnoDB: Waiting for purge to start
2018-03-15 10:49:16 6768 [Note] InnoDB: 5.6.13 started; log sequence number 2344702
2018-03-15 10:49:16 6768 [Note] Server hostname (bind-address): '*'; port: 3307
2018-03-15 10:49:16 6768 [Note] IPv6 is available.
2018-03-15 10:49:16 6768 [Note]   - '::' resolves to '::';
2018-03-15 10:49:16 6768 [Note] Server socket created on IP: '::'.
2018-03-17 13:22:10 8328 [Note] Plugin 'FEDERATED' is disabled.
2018-03-17 13:22:10 8328 [Note] InnoDB: The InnoDB memory heap is disabled
2018-03-17 13:22:10 8328 [Note] InnoDB: Mutexes and rw_locks use Windows interlocked functions
2018-03-17 13:22:10 8328 [Note] InnoDB: Compressed tables use zlib 1.2.3
2018-03-17 13:22:10 8328 [Note] InnoDB: Not using CPU crc32 instructions
2018-03-17 13:22:10 8328 [Note] InnoDB: Initializing buffer pool, size = 128.0M
2018-03-17 13:22:10 8328 [Note] InnoDB: Completed initialization of buffer pool
2018-03-17 13:22:10 8328 [Note] InnoDB: Highest supported file format is Barracuda.
2018-03-17 13:22:10 8328 [Note] InnoDB: The log sequence numbers 1626134 and 1626134 in ibdata files do not match the log sequence number 2409963 in the ib_logfiles!
2018-03-17 13:22:10 8328 [Note] InnoDB: Database was not shutdown normally!
2018-03-17 13:22:10 8328 [Note] InnoDB: Starting crash recovery.
2018-03-17 13:22:10 8328 [Note] InnoDB: Reading tablespace information from the .ibd files...
2018-03-17 13:22:10 8328 [Note] InnoDB: Restoring possible half-written data pages 
2018-03-17 13:22:10 8328 [Note] InnoDB: from the doublewrite buffer...
2018-03-17 13:22:10 8328 [Note] InnoDB: 128 rollback segment(s) are active.
2018-03-17 13:22:10 8328 [Note] InnoDB: Waiting for purge to start
2018-03-17 13:22:10 8328 [Note] InnoDB: 5.6.13 started; log sequence number 2409963
2018-03-17 13:22:10 8328 [Note] Server hostname (bind-address): '*'; port: 3307
2018-03-17 13:22:10 8328 [Note] IPv6 is available.
2018-03-17 13:22:10 8328 [Note]   - '::' resolves to '::';
2018-03-17 13:22:10 8328 [Note] Server socket created on IP: '::'.
2018-03-17 13:22:10 8328 [Note] Event Scheduler: Loaded 0 events
2018-03-17 13:22:10 8328 [Note] C:\Users\Splendid\Desktop\USBWebserver_v8.6/mysql/bin/mysqld_usbwv8.exe: ready for connections.
Version: '5.6.13'  socket: ''  port: 3307  MySQL Community Server (GPL)
2018-03-17 14:58:33 5388 [Note] Plugin 'FEDERATED' is disabled.
2018-03-17 14:58:33 5388 [Note] InnoDB: The InnoDB memory heap is disabled
2018-03-17 14:58:33 5388 [Note] InnoDB: Mutexes and rw_locks use Windows interlocked functions
2018-03-17 14:58:33 5388 [Note] InnoDB: Compressed tables use zlib 1.2.3
2018-03-17 14:58:33 5388 [Note] InnoDB: Not using CPU crc32 instructions
2018-03-17 14:58:33 5388 [Note] InnoDB: Initializing buffer pool, size = 128.0M
2018-03-17 14:58:33 5388 [Note] InnoDB: Completed initialization of buffer pool
2018-03-17 14:58:33 5388 [Note] InnoDB: Highest supported file format is Barracuda.
2018-03-17 14:58:33 5388 [Note] InnoDB: The log sequence numbers 1626134 and 1626134 in ibdata files do not match the log sequence number 2466328 in the ib_logfiles!
2018-03-17 14:58:33 5388 [Note] InnoDB: Database was not shutdown normally!
2018-03-17 14:58:33 5388 [Note] InnoDB: Starting crash recovery.
2018-03-17 14:58:33 5388 [Note] InnoDB: Reading tablespace information from the .ibd files...
2018-03-17 14:58:33 5388 [Note] InnoDB: Restoring possible half-written data pages 
2018-03-17 14:58:33 5388 [Note] InnoDB: from the doublewrite buffer...
2018-03-17 14:58:34 5388 [Note] InnoDB: 128 rollback segment(s) are active.
2018-03-17 14:58:34 5388 [Note] InnoDB: Waiting for purge to start
2018-03-17 14:58:34 5388 [Note] InnoDB: 5.6.13 started; log sequence number 2466328
2018-03-17 14:58:34 5388 [Note] Server hostname (bind-address): '*'; port: 3307
2018-03-17 14:58:34 5388 [Note] IPv6 is available.
2018-03-17 14:58:34 5388 [Note]   - '::' resolves to '::';
2018-03-17 14:58:34 5388 [Note] Server socket created on IP: '::'.
2018-03-19 15:53:22 4636 [Note] Plugin 'FEDERATED' is disabled.
2018-03-19 15:53:22 4636 [Note] InnoDB: The InnoDB memory heap is disabled
2018-03-19 15:53:22 4636 [Note] InnoDB: Mutexes and rw_locks use Windows interlocked functions
2018-03-19 15:53:22 4636 [Note] InnoDB: Compressed tables use zlib 1.2.3
2018-03-19 15:53:22 4636 [Note] InnoDB: Not using CPU crc32 instructions
2018-03-19 15:53:22 4636 [Note] InnoDB: Initializing buffer pool, size = 128.0M
2018-03-19 15:53:22 4636 [Note] InnoDB: Completed initialization of buffer pool
2018-03-19 15:53:22 4636 [Note] InnoDB: Highest supported file format is Barracuda.
2018-03-19 15:53:22 4636 [Note] InnoDB: The log sequence numbers 1626134 and 1626134 in ibdata files do not match the log sequence number 2472096 in the ib_logfiles!
2018-03-19 15:53:22 4636 [Note] InnoDB: Database was not shutdown normally!
2018-03-19 15:53:22 4636 [Note] InnoDB: Starting crash recovery.
2018-03-19 15:53:22 4636 [Note] InnoDB: Reading tablespace information from the .ibd files...
2018-03-19 15:53:22 4636 [Note] InnoDB: Restoring possible half-written data pages 
2018-03-19 15:53:22 4636 [Note] InnoDB: from the doublewrite buffer...
2018-03-19 15:53:23 4636 [Note] InnoDB: 128 rollback segment(s) are active.
2018-03-19 15:53:23 4636 [Note] InnoDB: Waiting for purge to start
2018-03-19 15:53:23 4636 [Note] InnoDB: 5.6.13 started; log sequence number 2472096
2018-03-19 15:53:23 4636 [Note] Server hostname (bind-address): '*'; port: 3307
2018-03-19 15:53:23 4636 [Note] IPv6 is available.
2018-03-19 15:53:23 4636 [Note]   - '::' resolves to '::';
2018-03-19 15:53:23 4636 [Note] Server socket created on IP: '::'.
2018-03-20 14:01:20 13276 [Note] Plugin 'FEDERATED' is disabled.
2018-03-20 14:01:20 13276 [Note] InnoDB: The InnoDB memory heap is disabled
2018-03-20 14:01:20 13276 [Note] InnoDB: Mutexes and rw_locks use Windows interlocked functions
2018-03-20 14:01:20 13276 [Note] InnoDB: Compressed tables use zlib 1.2.3
2018-03-20 14:01:20 13276 [Note] InnoDB: Not using CPU crc32 instructions
2018-03-20 14:01:20 13276 [Note] InnoDB: Initializing buffer pool, size = 128.0M
2018-03-20 14:01:20 13276 [Note] InnoDB: Completed initialization of buffer pool
2018-03-20 14:01:20 13276 [Note] InnoDB: Highest supported file format is Barracuda.
2018-03-20 14:01:20 13276 [Note] InnoDB: The log sequence numbers 1626134 and 1626134 in ibdata files do not match the log sequence number 2472106 in the ib_logfiles!
2018-03-20 14:01:20 13276 [Note] InnoDB: Database was not shutdown normally!
2018-03-20 14:01:20 13276 [Note] InnoDB: Starting crash recovery.
2018-03-20 14:01:20 13276 [Note] InnoDB: Reading tablespace information from the .ibd files...
2018-03-20 14:01:20 13276 [Note] InnoDB: Restoring possible half-written data pages 
2018-03-20 14:01:20 13276 [Note] InnoDB: from the doublewrite buffer...
2018-03-20 14:01:20 13276 [Note] InnoDB: 128 rollback segment(s) are active.
2018-03-20 14:01:20 13276 [Note] InnoDB: Waiting for purge to start
2018-03-20 14:01:20 13276 [Note] InnoDB: 5.6.13 started; log sequence number 2472106
2018-03-20 14:01:20 13276 [Note] Server hostname (bind-address): '*'; port: 3307
2018-03-20 14:01:20 13276 [Note] IPv6 is available.
2018-03-20 14:01:20 13276 [Note]   - '::' resolves to '::';
2018-03-20 14:01:20 13276 [Note] Server socket created on IP: '::'.
2018-03-21 00:38:44 11112 [Note] Plugin 'FEDERATED' is disabled.
2018-03-21 00:38:44 11112 [Note] InnoDB: The InnoDB memory heap is disabled
2018-03-21 00:38:44 11112 [Note] InnoDB: Mutexes and rw_locks use Windows interlocked functions
2018-03-21 00:38:44 11112 [Note] InnoDB: Compressed tables use zlib 1.2.3
2018-03-21 00:38:44 11112 [Note] InnoDB: Not using CPU crc32 instructions
2018-03-21 00:38:44 11112 [Note] InnoDB: Initializing buffer pool, size = 128.0M
2018-03-21 00:38:44 11112 [Note] InnoDB: Completed initialization of buffer pool
2018-03-21 00:38:44 11112 [Note] InnoDB: Highest supported file format is Barracuda.
2018-03-21 00:38:44 11112 [Note] InnoDB: The log sequence numbers 1626134 and 1626134 in ibdata files do not match the log sequence number 2488141 in the ib_logfiles!
2018-03-21 00:38:44 11112 [Note] InnoDB: Database was not shutdown normally!
2018-03-21 00:38:44 11112 [Note] InnoDB: Starting crash recovery.
2018-03-21 00:38:44 11112 [Note] InnoDB: Reading tablespace information from the .ibd files...
2018-03-21 00:38:44 11112 [Note] InnoDB: Restoring possible half-written data pages 
2018-03-21 00:38:44 11112 [Note] InnoDB: from the doublewrite buffer...
2018-03-21 00:38:44 11112 [Note] InnoDB: 128 rollback segment(s) are active.
2018-03-21 00:38:44 11112 [Note] InnoDB: Waiting for purge to start
2018-03-21 00:38:44 11112 [Note] InnoDB: 5.6.13 started; log sequence number 2488141
2018-03-21 00:38:44 11112 [Note] Server hostname (bind-address): '*'; port: 3307
2018-03-21 00:38:44 11112 [Note] IPv6 is available.
2018-03-21 00:38:44 11112 [Note]   - '::' resolves to '::';
2018-03-21 00:38:44 11112 [Note] Server socket created on IP: '::'.
2018-03-22 09:25:01 11340 [Note] Plugin 'FEDERATED' is disabled.
2018-03-22 09:25:01 11340 [Note] InnoDB: The InnoDB memory heap is disabled
2018-03-22 09:25:01 11340 [Note] InnoDB: Mutexes and rw_locks use Windows interlocked functions
2018-03-22 09:25:01 11340 [Note] InnoDB: Compressed tables use zlib 1.2.3
2018-03-22 09:25:01 11340 [Note] InnoDB: Not using CPU crc32 instructions
2018-03-22 09:25:01 11340 [Note] InnoDB: Initializing buffer pool, size = 128.0M
2018-03-22 09:25:01 11340 [Note] InnoDB: Completed initialization of buffer pool
2018-03-22 09:25:01 11340 [Note] InnoDB: Highest supported file format is Barracuda.
2018-03-22 09:25:01 11340 [Note] InnoDB: The log sequence numbers 1626134 and 1626134 in ibdata files do not match the log sequence number 2490228 in the ib_logfiles!
2018-03-22 09:25:01 11340 [Note] InnoDB: Database was not shutdown normally!
2018-03-22 09:25:01 11340 [Note] InnoDB: Starting crash recovery.
2018-03-22 09:25:01 11340 [Note] InnoDB: Reading tablespace information from the .ibd files...
2018-03-22 09:25:01 11340 [Note] InnoDB: Restoring possible half-written data pages 
2018-03-22 09:25:01 11340 [Note] InnoDB: from the doublewrite buffer...
2018-03-22 09:25:01 11340 [Note] InnoDB: 128 rollback segment(s) are active.
2018-03-22 09:25:02 11340 [Note] InnoDB: Waiting for purge to start
2018-03-22 09:25:02 11340 [Note] InnoDB: 5.6.13 started; log sequence number 2490228
2018-03-22 09:25:02 11340 [Note] Server hostname (bind-address): '*'; port: 3307
2018-03-22 09:25:02 11340 [Note] IPv6 is available.
2018-03-22 09:25:02 11340 [Note]   - '::' resolves to '::';
2018-03-22 09:25:02 11340 [Note] Server socket created on IP: '::'.
2018-03-22 09:25:02 11340 [Note] Event Scheduler: Loaded 0 events
2018-03-22 09:25:02 11340 [Note] C:\Users\Splendid\Desktop\USBWebserver_v8.6/mysql/bin/mysqld_usbwv8.exe: ready for connections.
Version: '5.6.13'  socket: ''  port: 3307  MySQL Community Server (GPL)
2018-03-22 12:22:50 12460 [Note] Plugin 'FEDERATED' is disabled.
2018-03-22 12:22:50 12460 [Note] InnoDB: The InnoDB memory heap is disabled
2018-03-22 12:22:50 12460 [Note] InnoDB: Mutexes and rw_locks use Windows interlocked functions
2018-03-22 12:22:50 12460 [Note] InnoDB: Compressed tables use zlib 1.2.3
2018-03-22 12:22:50 12460 [Note] InnoDB: Not using CPU crc32 instructions
2018-03-22 12:22:50 12460 [Note] InnoDB: Initializing buffer pool, size = 128.0M
2018-03-22 12:22:50 12460 [Note] InnoDB: Completed initialization of buffer pool
2018-03-22 12:22:50 12460 [Note] InnoDB: Highest supported file format is Barracuda.
2018-03-22 12:22:50 12460 [Note] InnoDB: The log sequence numbers 1626134 and 1626134 in ibdata files do not match the log sequence number 2528391 in the ib_logfiles!
2018-03-22 12:22:50 12460 [Note] InnoDB: Database was not shutdown normally!
2018-03-22 12:22:50 12460 [Note] InnoDB: Starting crash recovery.
2018-03-22 12:22:50 12460 [Note] InnoDB: Reading tablespace information from the .ibd files...
2018-03-22 12:22:50 12460 [Note] InnoDB: Restoring possible half-written data pages 
2018-03-22 12:22:50 12460 [Note] InnoDB: from the doublewrite buffer...
2018-03-22 12:22:51 12460 [Note] InnoDB: 128 rollback segment(s) are active.
2018-03-22 12:22:51 12460 [Note] InnoDB: Waiting for purge to start
2018-03-22 12:22:51 12460 [Note] InnoDB: 5.6.13 started; log sequence number 2528391
2018-03-22 12:22:51 12460 [Note] Server hostname (bind-address): '*'; port: 3307
2018-03-22 12:22:51 12460 [Note] IPv6 is available.
2018-03-22 12:22:51 12460 [Note]   - '::' resolves to '::';
2018-03-22 12:22:51 12460 [Note] Server socket created on IP: '::'.
2018-03-24 14:33:35 6592 [Note] Plugin 'FEDERATED' is disabled.
2018-03-24 14:33:35 6592 [Note] InnoDB: The InnoDB memory heap is disabled
2018-03-24 14:33:35 6592 [Note] InnoDB: Mutexes and rw_locks use Windows interlocked functions
2018-03-24 14:33:35 6592 [Note] InnoDB: Compressed tables use zlib 1.2.3
2018-03-24 14:33:35 6592 [Note] InnoDB: Not using CPU crc32 instructions
2018-03-24 14:33:35 6592 [Note] InnoDB: Initializing buffer pool, size = 128.0M
2018-03-24 14:33:35 6592 [Note] InnoDB: Completed initialization of buffer pool
2018-03-24 14:33:35 6592 [Note] InnoDB: Highest supported file format is Barracuda.
2018-03-24 14:33:35 6592 [Note] InnoDB: The log sequence numbers 1626134 and 1626134 in ibdata files do not match the log sequence number 2623346 in the ib_logfiles!
2018-03-24 14:33:35 6592 [Note] InnoDB: Database was not shutdown normally!
2018-03-24 14:33:35 6592 [Note] InnoDB: Starting crash recovery.
2018-03-24 14:33:35 6592 [Note] InnoDB: Reading tablespace information from the .ibd files...
2018-03-24 14:33:35 6592 [Note] InnoDB: Restoring possible half-written data pages 
2018-03-24 14:33:35 6592 [Note] InnoDB: from the doublewrite buffer...
2018-03-24 14:33:36 6592 [Note] InnoDB: 128 rollback segment(s) are active.
2018-03-24 14:33:36 6592 [Note] InnoDB: Waiting for purge to start
2018-03-24 14:33:36 6592 [Note] InnoDB: 5.6.13 started; log sequence number 2623346
2018-03-24 14:33:36 6592 [Note] Server hostname (bind-address): '*'; port: 3307
2018-03-24 14:33:36 6592 [Note] IPv6 is available.
2018-03-24 14:33:36 6592 [Note]   - '::' resolves to '::';
2018-03-24 14:33:36 6592 [Note] Server socket created on IP: '::'.
2018-03-24 15:10:07 7332 [Note] Plugin 'FEDERATED' is disabled.
2018-03-24 15:10:07 7332 [Note] InnoDB: The InnoDB memory heap is disabled
2018-03-24 15:10:07 7332 [Note] InnoDB: Mutexes and rw_locks use Windows interlocked functions
2018-03-24 15:10:07 7332 [Note] InnoDB: Compressed tables use zlib 1.2.3
2018-03-24 15:10:07 7332 [Note] InnoDB: Not using CPU crc32 instructions
2018-03-24 15:10:07 7332 [Note] InnoDB: Initializing buffer pool, size = 128.0M
2018-03-24 15:10:07 7332 [Note] InnoDB: Completed initialization of buffer pool
2018-03-24 15:10:07 7332 [Note] InnoDB: Highest supported file format is Barracuda.
2018-03-24 15:10:07 7332 [Note] InnoDB: The log sequence numbers 1626134 and 1626134 in ibdata files do not match the log sequence number 2624186 in the ib_logfiles!
2018-03-24 15:10:07 7332 [Note] InnoDB: Database was not shutdown normally!
2018-03-24 15:10:07 7332 [Note] InnoDB: Starting crash recovery.
2018-03-24 15:10:07 7332 [Note] InnoDB: Reading tablespace information from the .ibd files...
2018-03-24 15:10:07 7332 [Note] InnoDB: Restoring possible half-written data pages 
2018-03-24 15:10:07 7332 [Note] InnoDB: from the doublewrite buffer...
2018-03-24 15:10:08 7332 [Note] InnoDB: 128 rollback segment(s) are active.
2018-03-24 15:10:08 7332 [Note] InnoDB: Waiting for purge to start
2018-03-24 15:10:08 7332 [Note] InnoDB: 5.6.13 started; log sequence number 2624186
2018-03-24 15:10:08 7332 [Note] Server hostname (bind-address): '*'; port: 3307
2018-03-24 15:10:08 7332 [Note] IPv6 is available.
2018-03-24 15:10:08 7332 [Note]   - '::' resolves to '::';
2018-03-24 15:10:08 7332 [Note] Server socket created on IP: '::'.
2018-03-25 23:25:33 10108 [Note] Plugin 'FEDERATED' is disabled.
2018-03-25 23:25:33 10108 [Note] InnoDB: The InnoDB memory heap is disabled
2018-03-25 23:25:33 10108 [Note] InnoDB: Mutexes and rw_locks use Windows interlocked functions
2018-03-25 23:25:33 10108 [Note] InnoDB: Compressed tables use zlib 1.2.3
2018-03-25 23:25:33 10108 [Note] InnoDB: Not using CPU crc32 instructions
2018-03-25 23:25:33 10108 [Note] InnoDB: Initializing buffer pool, size = 128.0M
2018-03-25 23:25:34 10108 [Note] InnoDB: Completed initialization of buffer pool
2018-03-25 23:25:34 10108 [Note] InnoDB: Highest supported file format is Barracuda.
2018-03-25 23:25:34 10108 [Note] InnoDB: The log sequence numbers 1626134 and 1626134 in ibdata files do not match the log sequence number 2629707 in the ib_logfiles!
2018-03-25 23:25:34 10108 [Note] InnoDB: Database was not shutdown normally!
2018-03-25 23:25:34 10108 [Note] InnoDB: Starting crash recovery.
2018-03-25 23:25:34 10108 [Note] InnoDB: Reading tablespace information from the .ibd files...
2018-03-25 23:25:34 10108 [Note] InnoDB: Restoring possible half-written data pages 
2018-03-25 23:25:34 10108 [Note] InnoDB: from the doublewrite buffer...
2018-03-25 23:25:34 10108 [Note] InnoDB: 128 rollback segment(s) are active.
2018-03-25 23:25:34 10108 [Note] InnoDB: Waiting for purge to start
2018-03-25 23:25:34 10108 [Note] InnoDB: 5.6.13 started; log sequence number 2629707
2018-03-25 23:25:34 10108 [Note] Server hostname (bind-address): '*'; port: 3307
2018-03-25 23:25:34 10108 [Note] IPv6 is available.
2018-03-25 23:25:34 10108 [Note]   - '::' resolves to '::';
2018-03-25 23:25:34 10108 [Note] Server socket created on IP: '::'.
